#
# There is insufficient memory for the Java Runtime Environment to continue.
# Native memory allocation (malloc) failed to allocate 1048576 bytes for AllocateHeap
# Possible reasons:
#   The system is out of physical RAM or swap space
#   The process is running with CompressedOops enabled, and the Java Heap may be blocking the growth of the native heap
# Possible solutions:
#   Reduce memory load on the system
#   Increase physical memory or swap space
#   Check if swap backing store is full
#   Decrease Java heap size (-Xmx/-Xms)
#   Decrease number of Java threads
#   Decrease Java thread stack sizes (-Xss)
#   Set larger code cache with -XX:ReservedCodeCacheSize=
#   JVM is running with Zero Based Compressed Oops mode in which the Java heap is
#     placed in the first 32GB address space. The Java Heap base address is the
#     maximum limit for the native heap growth. Please use -XX:HeapBaseMinAddress
#     to set the Java Heap base and to place the Java Heap above 32GB virtual address.
# This output file may be truncated or incomplete.
#
#  Out of Memory Error (t:/workspace/open/src/hotspot/share/memory/allocation.cpp:46), pid=2876, tid=14400
#
# JRE version: Java(TM) SE Runtime Environment (12.0.2+10) (build 12.0.2+10)
# Java VM: Java HotSpot(TM) 64-Bit Server VM (12.0.2+10, mixed mode, sharing, tiered, compressed oops, g1 gc, windows-amd64)
# No core dump will be written. Minidumps are not enabled by default on client versions of Windows
#

---------------  S U M M A R Y ------------

Command Line: -agentlib:jdwp=transport=dt_socket,address=127.0.0.1:50752,suspend=y,server=n -XX:TieredStopAtLevel=1 -Xverify:none -Dspring.output.ansi.enabled=always -Dcom.sun.management.jmxremote -Dspring.jmx.enabled=true -Dspring.liveBeansView.mbeanDomain -Dspring.application.admin.enabled=true -javaagent:C:\Users\DELL\.IntelliJIdea2019.2\system\captureAgent\debugger-agent.jar -Dfile.encoding=UTF-8 com.sed.cloud.GlobalEurekaClone3Application

Host: Intel(R) Core(TM) i5-7300HQ CPU @ 2.50GHz, 4 cores, 11G,  Windows 10 , 64 bit Build 19041 (10.0.19041.662)
Time: Mon Jan 11 13:27:54 2021 中国标准时间 elapsed time: 2 seconds (0d 0h 0m 2s)

---------------  T H R E A D  ---------------

Current thread (0x000001faf8b26000):  VMThread "VM Thread" [stack: 0x000000bf50c00000,0x000000bf50d00000] [id=14400]

Stack: [0x000000bf50c00000,0x000000bf50d00000]
[error occurred during error reporting (printing stack bounds), id 0xc0000005, EXCEPTION_ACCESS_VIOLATION (0xc0000005) at pc=0x000001fae0540bad]

Native frames: (J=compiled Java code, j=interpreted, Vv=VM code, C=native code)
V  [jvm.dll+0x63aa2a]
V  [jvm.dll+0x78ce1e]
V  [jvm.dll+0x78e4c1]
V  [jvm.dll+0x78ea75]
V  [jvm.dll+0x78ea2b]
V  [jvm.dll+0x63a134]
V  [jvm.dll+0x63a4f8]
C  [ntdll.dll+0xa130f]
C  [ntdll.dll+0x4b5e4]
C  [ntdll.dll+0x9fe3e]
C  0x000001fae0540bad

VM_Operation (0x000000bf506fcc00): CollectForMetadataAllocation, mode: safepoint, requested by thread 0x000001fad813c000


---------------  P R O C E S S  ---------------

Threads class SMR info:
_java_thread_list=0x000001fafaba86f0, length=15, elements={
0x000001fad813c000, 0x000001faf8b2a000, 0x000001faf8b2b000, 0x000001faf9350000,
0x000001faf9351000, 0x000001faf9352800, 0x000001faf9355800, 0x000001faf9516800,
0x000001faf9562000, 0x000001faf9567000, 0x000001faf9568800, 0x000001faf973c000,
0x000001faf9c3b800, 0x000001fafa620800, 0x000001fafa646800
}

Java Threads: ( => current thread )
  0x000001fad813c000 JavaThread "main" [_thread_blocked, id=14616, stack(0x000000bf50600000,0x000000bf50700000)]
  0x000001faf8b2a000 JavaThread "Reference Handler" daemon [_thread_blocked, id=14320, stack(0x000000bf50d00000,0x000000bf50e00000)]
  0x000001faf8b2b000 JavaThread "Finalizer" daemon [_thread_blocked, id=14676, stack(0x000000bf50e00000,0x000000bf50f00000)]
  0x000001faf9350000 JavaThread "Signal Dispatcher" daemon [_thread_blocked, id=1268, stack(0x000000bf50f00000,0x000000bf51000000)]
  0x000001faf9351000 JavaThread "Attach Listener" daemon [_thread_blocked, id=6084, stack(0x000000bf51000000,0x000000bf51100000)]
  0x000001faf9352800 JavaThread "C1 CompilerThread0" daemon [_thread_blocked, id=1208, stack(0x000000bf51100000,0x000000bf51200000)]
  0x000001faf9355800 JavaThread "Sweeper thread" daemon [_thread_blocked, id=15164, stack(0x000000bf51200000,0x000000bf51300000)]
  0x000001faf9516800 JavaThread "Common-Cleaner" daemon [_thread_blocked, id=16972, stack(0x000000bf51300000,0x000000bf51400000)]
  0x000001faf9562000 JavaThread "JDWP Transport Listener: dt_socket" daemon [_thread_blocked, id=14352, stack(0x000000bf51400000,0x000000bf51500000)]
  0x000001faf9567000 JavaThread "JDWP Event Helper Thread" daemon [_thread_blocked, id=14776, stack(0x000000bf51500000,0x000000bf51600000)]
  0x000001faf9568800 JavaThread "JDWP Command Reader" daemon [_thread_in_native, id=6340, stack(0x000000bf51600000,0x000000bf51700000)]
  0x000001faf973c000 JavaThread "Service Thread" daemon [_thread_blocked, id=13480, stack(0x000000bf51800000,0x000000bf51900000)]
  0x000001faf9c3b800 JavaThread "RMI TCP Accept-0" daemon [_thread_in_native, id=2856, stack(0x000000bf51c00000,0x000000bf51d00000)]
  0x000001fafa620800 JavaThread "RMI TCP Connection(1)-192.168.56.1" daemon [_thread_in_native, id=2732, stack(0x000000bf51e00000,0x000000bf51f00000)]
  0x000001fafa646800 JavaThread "RMI Scheduler(0)" daemon [_thread_blocked, id=11792, stack(0x000000bf51f00000,0x000000bf52000000)]

Other Threads:
=>0x000001faf8b26000 VMThread "VM Thread" [stack: 0x000000bf50c00000,0x000000bf50d00000] [id=14400]
  0x000001faf9c57800 WatcherThread [stack: 0x000000bf51d00000,0x000000bf51e00000] [id=10848]
  0x000001fad818f000 GCTaskThread "GC Thread#0" [stack: 0x000000bf50700000,0x000000bf50800000] [id=16868]
  0x000001faf9b25800 GCTaskThread "GC Thread#1" [stack: 0x000000bf51900000,0x000000bf51a00000] [id=9092]
  0x000001faf9b26000 GCTaskThread "GC Thread#2" [stack: 0x000000bf51a00000,0x000000bf51b00000] [id=6752]
  0x000001faf9b2a800 GCTaskThread "GC Thread#3" [stack: 0x000000bf51b00000,0x000000bf51c00000] [id=9324]
  0x000001fad81a3800 ConcurrentGCThread "G1 Main Marker" [stack: 0x000000bf50800000,0x000000bf50900000] [id=6120]
  0x000001fad81a6800 ConcurrentGCThread "G1 Conc#0" [stack: 0x000000bf50900000,0x000000bf50a00000] [id=17376]
  0x000001faf89a3800 ConcurrentGCThread "G1 Refine#0" [stack: 0x000000bf50a00000,0x000000bf50b00000] [id=8196]
  0x000001faf89a4800 ConcurrentGCThread "G1 Young RemSet Sampling" [stack: 0x000000bf50b00000,0x000000bf50c00000] [id=16316]

Threads with active compile tasks:

VM state:at safepoint (normal execution)

VM Mutex/Monitor currently owned by a thread:  ([mutex/lock_event])
[0x000001fad81385d0] Threads_lock - owner thread: 0x000001faf8b26000
[0x000001fad8138780] Heap_lock - owner thread: 0x000001fad813c000

OutOfMemory and StackOverflow Exception counts:
OutOfMemoryError java_heap_errors=2
LinkageErrors=33

Heap address: 0x0000000742200000, size: 3038 MB, Compressed Oops mode: Zero based, Oop shift amount: 3
Narrow klass base: 0x0000000800000000, Narrow klass shift: 3
Compressed class space size: 1073741824 Address: 0x0000000801190000

Heap:
 garbage-first heap   total 194560K, used 11757K [0x0000000742200000, 0x0000000800000000)
  region size 1024K, 5 young (5120K), 5 survivors (5120K)
 Metaspace       used 18660K, capacity 19438K, committed 19456K, reserved 1075200K
  class space    used 2507K, capacity 2798K, committed 2816K, reserved 1048576K
Heap Regions: E=young(eden), S=young(survivor), O=old, HS=humongous(starts), HC=humongous(continues), CS=collection set, F=free, A=archive, TAMS=top-at-mark-start (previous, next)
|   0|0x0000000742200000, 0x0000000742300000, 0x0000000742300000|100%| O|  |TAMS 0x0000000742200000, 0x0000000742300000| Untracked 
|   1|0x0000000742300000, 0x0000000742400000, 0x0000000742400000|100%| O|  |TAMS 0x0000000742300000, 0x0000000742400000| Untracked 
|   2|0x0000000742400000, 0x0000000742500000, 0x0000000742500000|100%| O|  |TAMS 0x0000000742400000, 0x0000000742500000| Untracked 
|   3|0x0000000742500000, 0x0000000742600000, 0x0000000742600000|100%| O|  |TAMS 0x0000000742500000, 0x0000000742600000| Untracked 
|   4|0x0000000742600000, 0x0000000742700000, 0x0000000742700000|100%| O|  |TAMS 0x0000000742600000, 0x0000000742700000| Untracked 
|   5|0x0000000742700000, 0x0000000742800000, 0x0000000742800000|100%| O|  |TAMS 0x0000000742700000, 0x0000000742800000| Untracked 
|   6|0x0000000742800000, 0x0000000742900000, 0x0000000742900000|100%| O|  |TAMS 0x0000000742800000, 0x0000000742900000| Untracked 
|   7|0x0000000742900000, 0x0000000742963600, 0x0000000742a00000| 38%| O|  |TAMS 0x0000000742900000, 0x0000000742963600| Untracked 
|   8|0x0000000742a00000, 0x0000000742a00000, 0x0000000742b00000|  0%| F|  |TAMS 0x0000000742a00000, 0x0000000742a00000| Untracked 
|   9|0x0000000742b00000, 0x0000000742b00000, 0x0000000742c00000|  0%| F|  |TAMS 0x0000000742b00000, 0x0000000742b00000| Untracked 
|  10|0x0000000742c00000, 0x0000000742c00000, 0x0000000742d00000|  0%| F|  |TAMS 0x0000000742c00000, 0x0000000742c00000| Untracked 
|  11|0x0000000742d00000, 0x0000000742d00000, 0x0000000742e00000|  0%| F|  |TAMS 0x0000000742d00000, 0x0000000742d00000| Untracked 
|  12|0x0000000742e00000, 0x0000000742e00000, 0x0000000742f00000|  0%| F|  |TAMS 0x0000000742e00000, 0x0000000742e00000| Untracked 
|  13|0x0000000742f00000, 0x0000000742f00000, 0x0000000743000000|  0%| F|  |TAMS 0x0000000742f00000, 0x0000000742f00000| Untracked 
|  14|0x0000000743000000, 0x0000000743000000, 0x0000000743100000|  0%| F|  |TAMS 0x0000000743000000, 0x0000000743000000| Untracked 
|  15|0x0000000743100000, 0x0000000743100000, 0x0000000743200000|  0%| F|  |TAMS 0x0000000743100000, 0x0000000743100000| Untracked 
|  16|0x0000000743200000, 0x0000000743200000, 0x0000000743300000|  0%| F|  |TAMS 0x0000000743200000, 0x0000000743200000| Untracked 
|  17|0x0000000743300000, 0x0000000743300000, 0x0000000743400000|  0%| F|  |TAMS 0x0000000743300000, 0x0000000743300000| Untracked 
|  18|0x0000000743400000, 0x0000000743400000, 0x0000000743500000|  0%| F|  |TAMS 0x0000000743400000, 0x0000000743400000| Untracked 
|  19|0x0000000743500000, 0x0000000743500000, 0x0000000743600000|  0%| F|  |TAMS 0x0000000743500000, 0x0000000743500000| Untracked 
|  20|0x0000000743600000, 0x0000000743600000, 0x0000000743700000|  0%| F|  |TAMS 0x0000000743600000, 0x0000000743600000| Untracked 
|  21|0x0000000743700000, 0x0000000743700000, 0x0000000743800000|  0%| F|  |TAMS 0x0000000743700000, 0x0000000743700000| Untracked 
|  22|0x0000000743800000, 0x0000000743800000, 0x0000000743900000|  0%| F|  |TAMS 0x0000000743800000, 0x0000000743800000| Untracked 
|  23|0x0000000743900000, 0x0000000743900000, 0x0000000743a00000|  0%| F|  |TAMS 0x0000000743900000, 0x0000000743900000| Untracked 
|  24|0x0000000743a00000, 0x0000000743a00000, 0x0000000743b00000|  0%| F|  |TAMS 0x0000000743a00000, 0x0000000743a00000| Untracked 
|  25|0x0000000743b00000, 0x0000000743b00000, 0x0000000743c00000|  0%| F|  |TAMS 0x0000000743b00000, 0x0000000743b00000| Untracked 
|  26|0x0000000743c00000, 0x0000000743c00000, 0x0000000743d00000|  0%| F|  |TAMS 0x0000000743c00000, 0x0000000743c00000| Untracked 
|  27|0x0000000743d00000, 0x0000000743d00000, 0x0000000743e00000|  0%| F|  |TAMS 0x0000000743d00000, 0x0000000743d00000| Untracked 
|  28|0x0000000743e00000, 0x0000000743e00000, 0x0000000743f00000|  0%| F|  |TAMS 0x0000000743e00000, 0x0000000743e00000| Untracked 
|  29|0x0000000743f00000, 0x0000000743f00000, 0x0000000744000000|  0%| F|  |TAMS 0x0000000743f00000, 0x0000000743f00000| Untracked 
|  30|0x0000000744000000, 0x0000000744000000, 0x0000000744100000|  0%| F|  |TAMS 0x0000000744000000, 0x0000000744000000| Untracked 
|  31|0x0000000744100000, 0x0000000744100000, 0x0000000744200000|  0%| F|  |TAMS 0x0000000744100000, 0x0000000744100000| Untracked 
|  32|0x0000000744200000, 0x0000000744200000, 0x0000000744300000|  0%| F|  |TAMS 0x0000000744200000, 0x0000000744200000| Untracked 
|  33|0x0000000744300000, 0x0000000744300000, 0x0000000744400000|  0%| F|  |TAMS 0x0000000744300000, 0x0000000744300000| Untracked 
|  34|0x0000000744400000, 0x0000000744400000, 0x0000000744500000|  0%| F|  |TAMS 0x0000000744400000, 0x0000000744400000| Untracked 
|  35|0x0000000744500000, 0x0000000744500000, 0x0000000744600000|  0%| F|  |TAMS 0x0000000744500000, 0x0000000744500000| Untracked 
|  36|0x0000000744600000, 0x0000000744600000, 0x0000000744700000|  0%| F|  |TAMS 0x0000000744600000, 0x0000000744600000| Untracked 
|  37|0x0000000744700000, 0x0000000744700000, 0x0000000744800000|  0%| F|  |TAMS 0x0000000744700000, 0x0000000744700000| Untracked 
|  38|0x0000000744800000, 0x0000000744800000, 0x0000000744900000|  0%| F|  |TAMS 0x0000000744800000, 0x0000000744800000| Untracked 
|  39|0x0000000744900000, 0x0000000744900000, 0x0000000744a00000|  0%| F|  |TAMS 0x0000000744900000, 0x0000000744900000| Untracked 
|  40|0x0000000744a00000, 0x0000000744a00000, 0x0000000744b00000|  0%| F|  |TAMS 0x0000000744a00000, 0x0000000744a00000| Untracked 
|  41|0x0000000744b00000, 0x0000000744b00000, 0x0000000744c00000|  0%| F|  |TAMS 0x0000000744b00000, 0x0000000744b00000| Untracked 
|  42|0x0000000744c00000, 0x0000000744c00000, 0x0000000744d00000|  0%| F|  |TAMS 0x0000000744c00000, 0x0000000744c00000| Untracked 
|  43|0x0000000744d00000, 0x0000000744d00000, 0x0000000744e00000|  0%| F|  |TAMS 0x0000000744d00000, 0x0000000744d00000| Untracked 
|  44|0x0000000744e00000, 0x0000000744e00000, 0x0000000744f00000|  0%| F|  |TAMS 0x0000000744e00000, 0x0000000744e00000| Untracked 
|  45|0x0000000744f00000, 0x0000000744f00000, 0x0000000745000000|  0%| F|  |TAMS 0x0000000744f00000, 0x0000000744f00000| Untracked 
|  46|0x0000000745000000, 0x0000000745000000, 0x0000000745100000|  0%| F|  |TAMS 0x0000000745000000, 0x0000000745000000| Untracked 
|  47|0x0000000745100000, 0x0000000745100000, 0x0000000745200000|  0%| F|  |TAMS 0x0000000745100000, 0x0000000745100000| Untracked 
|  48|0x0000000745200000, 0x0000000745200000, 0x0000000745300000|  0%| F|  |TAMS 0x0000000745200000, 0x0000000745200000| Untracked 
|  49|0x0000000745300000, 0x0000000745300000, 0x0000000745400000|  0%| F|  |TAMS 0x0000000745300000, 0x0000000745300000| Untracked 
|  50|0x0000000745400000, 0x0000000745400000, 0x0000000745500000|  0%| F|  |TAMS 0x0000000745400000, 0x0000000745400000| Untracked 
|  51|0x0000000745500000, 0x0000000745500000, 0x0000000745600000|  0%| F|  |TAMS 0x0000000745500000, 0x0000000745500000| Untracked 
|  52|0x0000000745600000, 0x0000000745600000, 0x0000000745700000|  0%| F|  |TAMS 0x0000000745600000, 0x0000000745600000| Untracked 
|  53|0x0000000745700000, 0x0000000745700000, 0x0000000745800000|  0%| F|  |TAMS 0x0000000745700000, 0x0000000745700000| Untracked 
|  54|0x0000000745800000, 0x0000000745800000, 0x0000000745900000|  0%| F|  |TAMS 0x0000000745800000, 0x0000000745800000| Untracked 
|  55|0x0000000745900000, 0x0000000745900000, 0x0000000745a00000|  0%| F|  |TAMS 0x0000000745900000, 0x0000000745900000| Untracked 
|  56|0x0000000745a00000, 0x0000000745a00000, 0x0000000745b00000|  0%| F|  |TAMS 0x0000000745a00000, 0x0000000745a00000| Untracked 
|  57|0x0000000745b00000, 0x0000000745b00000, 0x0000000745c00000|  0%| F|  |TAMS 0x0000000745b00000, 0x0000000745b00000| Untracked 
|  58|0x0000000745c00000, 0x0000000745c00000, 0x0000000745d00000|  0%| F|  |TAMS 0x0000000745c00000, 0x0000000745c00000| Untracked 
|  59|0x0000000745d00000, 0x0000000745d00000, 0x0000000745e00000|  0%| F|  |TAMS 0x0000000745d00000, 0x0000000745d00000| Untracked 
|  60|0x0000000745e00000, 0x0000000745e00000, 0x0000000745f00000|  0%| F|  |TAMS 0x0000000745e00000, 0x0000000745e00000| Untracked 
|  61|0x0000000745f00000, 0x0000000745f00000, 0x0000000746000000|  0%| F|  |TAMS 0x0000000745f00000, 0x0000000745f00000| Untracked 
|  62|0x0000000746000000, 0x0000000746000000, 0x0000000746100000|  0%| F|  |TAMS 0x0000000746000000, 0x0000000746000000| Untracked 
|  63|0x0000000746100000, 0x0000000746100000, 0x0000000746200000|  0%| F|  |TAMS 0x0000000746100000, 0x0000000746100000| Untracked 
|  64|0x0000000746200000, 0x0000000746200000, 0x0000000746300000|  0%| F|  |TAMS 0x0000000746200000, 0x0000000746200000| Untracked 
|  65|0x0000000746300000, 0x0000000746300000, 0x0000000746400000|  0%| F|  |TAMS 0x0000000746300000, 0x0000000746300000| Untracked 
|  66|0x0000000746400000, 0x0000000746400000, 0x0000000746500000|  0%| F|  |TAMS 0x0000000746400000, 0x0000000746400000| Untracked 
|  67|0x0000000746500000, 0x0000000746500000, 0x0000000746600000|  0%| F|  |TAMS 0x0000000746500000, 0x0000000746500000| Untracked 
|  68|0x0000000746600000, 0x0000000746600000, 0x0000000746700000|  0%| F|  |TAMS 0x0000000746600000, 0x0000000746600000| Untracked 
|  69|0x0000000746700000, 0x0000000746700000, 0x0000000746800000|  0%| F|  |TAMS 0x0000000746700000, 0x0000000746700000| Untracked 
|  70|0x0000000746800000, 0x0000000746800000, 0x0000000746900000|  0%| F|  |TAMS 0x0000000746800000, 0x0000000746800000| Untracked 
|  71|0x0000000746900000, 0x0000000746900000, 0x0000000746a00000|  0%| F|  |TAMS 0x0000000746900000, 0x0000000746900000| Untracked 
|  72|0x0000000746a00000, 0x0000000746a00000, 0x0000000746b00000|  0%| F|  |TAMS 0x0000000746a00000, 0x0000000746a00000| Untracked 
|  73|0x0000000746b00000, 0x0000000746b00000, 0x0000000746c00000|  0%| F|  |TAMS 0x0000000746b00000, 0x0000000746b00000| Untracked 
|  74|0x0000000746c00000, 0x0000000746c00000, 0x0000000746d00000|  0%| F|  |TAMS 0x0000000746c00000, 0x0000000746c00000| Untracked 
|  75|0x0000000746d00000, 0x0000000746d00000, 0x0000000746e00000|  0%| F|  |TAMS 0x0000000746d00000, 0x0000000746d00000| Untracked 
|  76|0x0000000746e00000, 0x0000000746e00000, 0x0000000746f00000|  0%| F|  |TAMS 0x0000000746e00000, 0x0000000746e00000| Untracked 
|  77|0x0000000746f00000, 0x0000000746f00000, 0x0000000747000000|  0%| F|  |TAMS 0x0000000746f00000, 0x0000000746f00000| Untracked 
|  78|0x0000000747000000, 0x0000000747000000, 0x0000000747100000|  0%| F|  |TAMS 0x0000000747000000, 0x0000000747000000| Untracked 
|  79|0x0000000747100000, 0x0000000747100000, 0x0000000747200000|  0%| F|  |TAMS 0x0000000747100000, 0x0000000747100000| Untracked 
|  80|0x0000000747200000, 0x0000000747200000, 0x0000000747300000|  0%| F|  |TAMS 0x0000000747200000, 0x0000000747200000| Untracked 
|  81|0x0000000747300000, 0x0000000747300000, 0x0000000747400000|  0%| F|  |TAMS 0x0000000747300000, 0x0000000747300000| Untracked 
|  82|0x0000000747400000, 0x0000000747400000, 0x0000000747500000|  0%| F|  |TAMS 0x0000000747400000, 0x0000000747400000| Untracked 
|  83|0x0000000747500000, 0x0000000747500000, 0x0000000747600000|  0%| F|  |TAMS 0x0000000747500000, 0x0000000747500000| Untracked 
|  84|0x0000000747600000, 0x0000000747600000, 0x0000000747700000|  0%| F|  |TAMS 0x0000000747600000, 0x0000000747600000| Untracked 
|  85|0x0000000747700000, 0x0000000747700000, 0x0000000747800000|  0%| F|  |TAMS 0x0000000747700000, 0x0000000747700000| Untracked 
|  86|0x0000000747800000, 0x0000000747800000, 0x0000000747900000|  0%| F|  |TAMS 0x0000000747800000, 0x0000000747800000| Untracked 
|  87|0x0000000747900000, 0x0000000747900000, 0x0000000747a00000|  0%| F|  |TAMS 0x0000000747900000, 0x0000000747900000| Untracked 
|  88|0x0000000747a00000, 0x0000000747a00000, 0x0000000747b00000|  0%| F|  |TAMS 0x0000000747a00000, 0x0000000747a00000| Untracked 
|  89|0x0000000747b00000, 0x0000000747b00000, 0x0000000747c00000|  0%| F|  |TAMS 0x0000000747b00000, 0x0000000747b00000| Untracked 
|  90|0x0000000747c00000, 0x0000000747c00000, 0x0000000747d00000|  0%| F|  |TAMS 0x0000000747c00000, 0x0000000747c00000| Untracked 
|  91|0x0000000747d00000, 0x0000000747d00000, 0x0000000747e00000|  0%| F|  |TAMS 0x0000000747d00000, 0x0000000747d00000| Untracked 
|  92|0x0000000747e00000, 0x0000000747e00000, 0x0000000747f00000|  0%| F|  |TAMS 0x0000000747e00000, 0x0000000747e00000| Untracked 
|  93|0x0000000747f00000, 0x0000000747f00000, 0x0000000748000000|  0%| F|  |TAMS 0x0000000747f00000, 0x0000000747f00000| Untracked 
|  94|0x0000000748000000, 0x0000000748000000, 0x0000000748100000|  0%| F|  |TAMS 0x0000000748000000, 0x0000000748000000| Untracked 
|  95|0x0000000748100000, 0x0000000748100000, 0x0000000748200000|  0%| F|  |TAMS 0x0000000748100000, 0x0000000748100000| Untracked 
|  96|0x0000000748200000, 0x0000000748200000, 0x0000000748300000|  0%| F|  |TAMS 0x0000000748200000, 0x0000000748200000| Untracked 
|  97|0x0000000748300000, 0x0000000748300000, 0x0000000748400000|  0%| F|  |TAMS 0x0000000748300000, 0x0000000748300000| Untracked 
|  98|0x0000000748400000, 0x0000000748400000, 0x0000000748500000|  0%| F|  |TAMS 0x0000000748400000, 0x0000000748400000| Untracked 
|  99|0x0000000748500000, 0x0000000748500000, 0x0000000748600000|  0%| F|  |TAMS 0x0000000748500000, 0x0000000748500000| Untracked 
| 100|0x0000000748600000, 0x0000000748600000, 0x0000000748700000|  0%| F|  |TAMS 0x0000000748600000, 0x0000000748600000| Untracked 
| 101|0x0000000748700000, 0x0000000748700000, 0x0000000748800000|  0%| F|  |TAMS 0x0000000748700000, 0x0000000748700000| Untracked 
| 102|0x0000000748800000, 0x0000000748800000, 0x0000000748900000|  0%| F|  |TAMS 0x0000000748800000, 0x0000000748800000| Untracked 
| 103|0x0000000748900000, 0x0000000748900000, 0x0000000748a00000|  0%| F|  |TAMS 0x0000000748900000, 0x0000000748900000| Untracked 
| 104|0x0000000748a00000, 0x0000000748a00000, 0x0000000748b00000|  0%| F|  |TAMS 0x0000000748a00000, 0x0000000748a00000| Untracked 
| 105|0x0000000748b00000, 0x0000000748b00000, 0x0000000748c00000|  0%| F|  |TAMS 0x0000000748b00000, 0x0000000748b00000| Untracked 
| 106|0x0000000748c00000, 0x0000000748c00000, 0x0000000748d00000|  0%| F|  |TAMS 0x0000000748c00000, 0x0000000748c00000| Untracked 
| 107|0x0000000748d00000, 0x0000000748d00000, 0x0000000748e00000|  0%| F|  |TAMS 0x0000000748d00000, 0x0000000748d00000| Untracked 
| 108|0x0000000748e00000, 0x0000000748e00000, 0x0000000748f00000|  0%| F|  |TAMS 0x0000000748e00000, 0x0000000748e00000| Untracked 
| 109|0x0000000748f00000, 0x0000000748f00000, 0x0000000749000000|  0%| F|  |TAMS 0x0000000748f00000, 0x0000000748f00000| Untracked 
| 110|0x0000000749000000, 0x0000000749000000, 0x0000000749100000|  0%| F|  |TAMS 0x0000000749000000, 0x0000000749000000| Untracked 
| 111|0x0000000749100000, 0x0000000749100000, 0x0000000749200000|  0%| F|  |TAMS 0x0000000749100000, 0x0000000749100000| Untracked 
| 112|0x0000000749200000, 0x0000000749200000, 0x0000000749300000|  0%| F|  |TAMS 0x0000000749200000, 0x0000000749200000| Untracked 
| 113|0x0000000749300000, 0x0000000749300000, 0x0000000749400000|  0%| F|  |TAMS 0x0000000749300000, 0x0000000749300000| Untracked 
| 114|0x0000000749400000, 0x0000000749400000, 0x0000000749500000|  0%| F|  |TAMS 0x0000000749400000, 0x0000000749400000| Untracked 
| 115|0x0000000749500000, 0x0000000749500000, 0x0000000749600000|  0%| F|  |TAMS 0x0000000749500000, 0x0000000749500000| Untracked 
| 116|0x0000000749600000, 0x0000000749600000, 0x0000000749700000|  0%| F|  |TAMS 0x0000000749600000, 0x0000000749600000| Untracked 
| 117|0x0000000749700000, 0x0000000749717e28, 0x0000000749800000|  9%| S|CS|TAMS 0x0000000749700000, 0x0000000749700000| Complete 
| 118|0x0000000749800000, 0x0000000749900000, 0x0000000749900000|100%| S|CS|TAMS 0x0000000749800000, 0x0000000749800000| Complete 
| 119|0x0000000749900000, 0x0000000749a00000, 0x0000000749a00000|100%| S|CS|TAMS 0x0000000749900000, 0x0000000749900000| Complete 
| 120|0x0000000749a00000, 0x0000000749b00000, 0x0000000749b00000|100%| S|CS|TAMS 0x0000000749a00000, 0x0000000749a00000| Complete 
| 121|0x0000000749b00000, 0x0000000749c00000, 0x0000000749c00000|100%| S|CS|TAMS 0x0000000749b00000, 0x0000000749b00000| Complete 
| 122|0x0000000749c00000, 0x0000000749c00000, 0x0000000749d00000|  0%| F|  |TAMS 0x0000000749c00000, 0x0000000749c00000| Untracked 
| 123|0x0000000749d00000, 0x0000000749d00000, 0x0000000749e00000|  0%| F|  |TAMS 0x0000000749d00000, 0x0000000749d00000| Untracked 
| 124|0x0000000749e00000, 0x0000000749e00000, 0x0000000749f00000|  0%| F|  |TAMS 0x0000000749e00000, 0x0000000749e00000| Untracked 
| 125|0x0000000749f00000, 0x0000000749f00000, 0x000000074a000000|  0%| F|  |TAMS 0x0000000749f00000, 0x0000000749f00000| Untracked 
| 126|0x000000074a000000, 0x000000074a000000, 0x000000074a100000|  0%| F|  |TAMS 0x000000074a000000, 0x000000074a000000| Untracked 
| 127|0x000000074a100000, 0x000000074a100000, 0x000000074a200000|  0%| F|  |TAMS 0x000000074a100000, 0x000000074a100000| Untracked 
| 128|0x000000074a200000, 0x000000074a200000, 0x000000074a300000|  0%| F|  |TAMS 0x000000074a200000, 0x000000074a200000| Untracked 
| 129|0x000000074a300000, 0x000000074a300000, 0x000000074a400000|  0%| F|  |TAMS 0x000000074a300000, 0x000000074a300000| Untracked 
| 130|0x000000074a400000, 0x000000074a400000, 0x000000074a500000|  0%| F|  |TAMS 0x000000074a400000, 0x000000074a400000| Untracked 
| 131|0x000000074a500000, 0x000000074a500000, 0x000000074a600000|  0%| F|  |TAMS 0x000000074a500000, 0x000000074a500000| Untracked 
| 132|0x000000074a600000, 0x000000074a600000, 0x000000074a700000|  0%| F|  |TAMS 0x000000074a600000, 0x000000074a600000| Untracked 
| 133|0x000000074a700000, 0x000000074a700000, 0x000000074a800000|  0%| F|  |TAMS 0x000000074a700000, 0x000000074a700000| Untracked 
| 134|0x000000074a800000, 0x000000074a800000, 0x000000074a900000|  0%| F|  |TAMS 0x000000074a800000, 0x000000074a800000| Untracked 
| 135|0x000000074a900000, 0x000000074a900000, 0x000000074aa00000|  0%| F|  |TAMS 0x000000074a900000, 0x000000074a900000| Untracked 
| 136|0x000000074aa00000, 0x000000074aa00000, 0x000000074ab00000|  0%| F|  |TAMS 0x000000074aa00000, 0x000000074aa00000| Untracked 
| 137|0x000000074ab00000, 0x000000074ab00000, 0x000000074ac00000|  0%| F|  |TAMS 0x000000074ab00000, 0x000000074ab00000| Untracked 
| 138|0x000000074ac00000, 0x000000074ac00000, 0x000000074ad00000|  0%| F|  |TAMS 0x000000074ac00000, 0x000000074ac00000| Untracked 
| 139|0x000000074ad00000, 0x000000074ad00000, 0x000000074ae00000|  0%| F|  |TAMS 0x000000074ad00000, 0x000000074ad00000| Untracked 
| 140|0x000000074ae00000, 0x000000074ae00000, 0x000000074af00000|  0%| F|  |TAMS 0x000000074ae00000, 0x000000074ae00000| Untracked 
| 141|0x000000074af00000, 0x000000074af00000, 0x000000074b000000|  0%| F|  |TAMS 0x000000074af00000, 0x000000074af00000| Untracked 
| 142|0x000000074b000000, 0x000000074b000000, 0x000000074b100000|  0%| F|  |TAMS 0x000000074b000000, 0x000000074b000000| Untracked 
| 143|0x000000074b100000, 0x000000074b100000, 0x000000074b200000|  0%| F|  |TAMS 0x000000074b100000, 0x000000074b100000| Untracked 
| 144|0x000000074b200000, 0x000000074b200000, 0x000000074b300000|  0%| F|  |TAMS 0x000000074b200000, 0x000000074b200000| Untracked 
| 145|0x000000074b300000, 0x000000074b300000, 0x000000074b400000|  0%| F|  |TAMS 0x000000074b300000, 0x000000074b300000| Untracked 
| 146|0x000000074b400000, 0x000000074b400000, 0x000000074b500000|  0%| F|  |TAMS 0x000000074b400000, 0x000000074b400000| Untracked 
| 147|0x000000074b500000, 0x000000074b500000, 0x000000074b600000|  0%| F|  |TAMS 0x000000074b500000, 0x000000074b500000| Untracked 
| 148|0x000000074b600000, 0x000000074b600000, 0x000000074b700000|  0%| F|  |TAMS 0x000000074b600000, 0x000000074b600000| Untracked 
| 149|0x000000074b700000, 0x000000074b700000, 0x000000074b800000|  0%| F|  |TAMS 0x000000074b700000, 0x000000074b700000| Untracked 
| 150|0x000000074b800000, 0x000000074b800000, 0x000000074b900000|  0%| F|  |TAMS 0x000000074b800000, 0x000000074b800000| Untracked 
| 151|0x000000074b900000, 0x000000074b900000, 0x000000074ba00000|  0%| F|  |TAMS 0x000000074b900000, 0x000000074b900000| Untracked 
| 152|0x000000074ba00000, 0x000000074ba00000, 0x000000074bb00000|  0%| F|  |TAMS 0x000000074ba00000, 0x000000074ba00000| Untracked 
| 153|0x000000074bb00000, 0x000000074bb00000, 0x000000074bc00000|  0%| F|  |TAMS 0x000000074bb00000, 0x000000074bb00000| Untracked 
| 154|0x000000074bc00000, 0x000000074bc00000, 0x000000074bd00000|  0%| F|  |TAMS 0x000000074bc00000, 0x000000074bc00000| Untracked 
| 155|0x000000074bd00000, 0x000000074bd00000, 0x000000074be00000|  0%| F|  |TAMS 0x000000074bd00000, 0x000000074bd00000| Untracked 
| 156|0x000000074be00000, 0x000000074be00000, 0x000000074bf00000|  0%| F|  |TAMS 0x000000074be00000, 0x000000074be00000| Untracked 
| 157|0x000000074bf00000, 0x000000074bf00000, 0x000000074c000000|  0%| F|  |TAMS 0x000000074bf00000, 0x000000074bf00000| Untracked 
| 158|0x000000074c000000, 0x000000074c000000, 0x000000074c100000|  0%| F|  |TAMS 0x000000074c000000, 0x000000074c000000| Untracked 
| 159|0x000000074c100000, 0x000000074c100000, 0x000000074c200000|  0%| F|  |TAMS 0x000000074c100000, 0x000000074c100000| Untracked 
| 160|0x000000074c200000, 0x000000074c200000, 0x000000074c300000|  0%| F|  |TAMS 0x000000074c200000, 0x000000074c200000| Untracked 
| 161|0x000000074c300000, 0x000000074c300000, 0x000000074c400000|  0%| F|  |TAMS 0x000000074c300000, 0x000000074c300000| Untracked 
| 162|0x000000074c400000, 0x000000074c400000, 0x000000074c500000|  0%| F|  |TAMS 0x000000074c400000, 0x000000074c400000| Untracked 
| 163|0x000000074c500000, 0x000000074c500000, 0x000000074c600000|  0%| F|  |TAMS 0x000000074c500000, 0x000000074c500000| Untracked 
| 164|0x000000074c600000, 0x000000074c600000, 0x000000074c700000|  0%| F|  |TAMS 0x000000074c600000, 0x000000074c600000| Untracked 
| 165|0x000000074c700000, 0x000000074c700000, 0x000000074c800000|  0%| F|  |TAMS 0x000000074c700000, 0x000000074c700000| Untracked 
| 166|0x000000074c800000, 0x000000074c800000, 0x000000074c900000|  0%| F|  |TAMS 0x000000074c800000, 0x000000074c800000| Untracked 
| 167|0x000000074c900000, 0x000000074c900000, 0x000000074ca00000|  0%| F|  |TAMS 0x000000074c900000, 0x000000074c900000| Untracked 
| 168|0x000000074ca00000, 0x000000074ca00000, 0x000000074cb00000|  0%| F|  |TAMS 0x000000074ca00000, 0x000000074ca00000| Untracked 
| 169|0x000000074cb00000, 0x000000074cb00000, 0x000000074cc00000|  0%| F|  |TAMS 0x000000074cb00000, 0x000000074cb00000| Untracked 
| 170|0x000000074cc00000, 0x000000074cc00000, 0x000000074cd00000|  0%| F|  |TAMS 0x000000074cc00000, 0x000000074cc00000| Untracked 
| 171|0x000000074cd00000, 0x000000074cd00000, 0x000000074ce00000|  0%| F|  |TAMS 0x000000074cd00000, 0x000000074cd00000| Untracked 
| 172|0x000000074ce00000, 0x000000074ce00000, 0x000000074cf00000|  0%| F|  |TAMS 0x000000074ce00000, 0x000000074ce00000| Untracked 
| 173|0x000000074cf00000, 0x000000074cf00000, 0x000000074d000000|  0%| F|  |TAMS 0x000000074cf00000, 0x000000074cf00000| Untracked 
| 174|0x000000074d000000, 0x000000074d000000, 0x000000074d100000|  0%| F|  |TAMS 0x000000074d000000, 0x000000074d000000| Untracked 
| 175|0x000000074d100000, 0x000000074d100000, 0x000000074d200000|  0%| F|  |TAMS 0x000000074d100000, 0x000000074d100000| Untracked 
| 176|0x000000074d200000, 0x000000074d200000, 0x000000074d300000|  0%| F|  |TAMS 0x000000074d200000, 0x000000074d200000| Untracked 
| 177|0x000000074d300000, 0x000000074d300000, 0x000000074d400000|  0%| F|  |TAMS 0x000000074d300000, 0x000000074d300000| Untracked 
| 178|0x000000074d400000, 0x000000074d400000, 0x000000074d500000|  0%| F|  |TAMS 0x000000074d400000, 0x000000074d400000| Untracked 
| 179|0x000000074d500000, 0x000000074d500000, 0x000000074d600000|  0%| F|  |TAMS 0x000000074d500000, 0x000000074d500000| Untracked 
| 180|0x000000074d600000, 0x000000074d600000, 0x000000074d700000|  0%| F|  |TAMS 0x000000074d600000, 0x000000074d600000| Untracked 
| 181|0x000000074d700000, 0x000000074d700000, 0x000000074d800000|  0%| F|  |TAMS 0x000000074d700000, 0x000000074d700000| Untracked 
| 182|0x000000074d800000, 0x000000074d800000, 0x000000074d900000|  0%| F|  |TAMS 0x000000074d800000, 0x000000074d800000| Untracked 
| 183|0x000000074d900000, 0x000000074d900000, 0x000000074da00000|  0%| F|  |TAMS 0x000000074d900000, 0x000000074d900000| Untracked 
| 184|0x000000074da00000, 0x000000074da00000, 0x000000074db00000|  0%| F|  |TAMS 0x000000074da00000, 0x000000074da00000| Untracked 
| 185|0x000000074db00000, 0x000000074db00000, 0x000000074dc00000|  0%| F|  |TAMS 0x000000074db00000, 0x000000074db00000| Untracked 
| 186|0x000000074dc00000, 0x000000074dc00000, 0x000000074dd00000|  0%| F|  |TAMS 0x000000074dc00000, 0x000000074dc00000| Untracked 
| 187|0x000000074dd00000, 0x000000074dd00000, 0x000000074de00000|  0%| F|  |TAMS 0x000000074dd00000, 0x000000074dd00000| Untracked 
| 188|0x000000074de00000, 0x000000074de00000, 0x000000074df00000|  0%| F|  |TAMS 0x000000074de00000, 0x000000074de00000| Untracked 
| 189|0x000000074df00000, 0x000000074df00000, 0x000000074e000000|  0%| F|  |TAMS 0x000000074df00000, 0x000000074df00000| Untracked 

Card table byte_map: [0x000001faefb30000,0x000001faf0120000] _byte_map_base: 0x000001faec11f000

Marking Bits (Prev, Next): (CMBitMap*) 0x000001fad8190ea8, (CMBitMap*) 0x000001fad8190ee8
 Prev Bits: [0x000001faf0710000, 0x000001faf3688000)
 Next Bits: [0x000001faf3690000, 0x000001faf6608000)

Polling page: 0x000001fad5f80000

Metaspace:

Usage:
  Non-class:     16.25 MB capacity,    15.77 MB ( 97%) used,   414.00 KB (  2%) free+waste,    73.63 KB ( <1%) overhead. 
      Class:      2.73 MB capacity,     2.45 MB ( 90%) used,   252.29 KB (  9%) free+waste,    37.88 KB (  1%) overhead. 
       Both:     18.98 MB capacity,    18.22 MB ( 96%) used,   666.29 KB (  3%) free+waste,   111.50 KB ( <1%) overhead. 

Virtual space:
  Non-class space:       26.00 MB reserved,      16.25 MB ( 63%) committed 
      Class space:        1.00 GB reserved,       2.75 MB ( <1%) committed 
             Both:        1.03 GB reserved,      19.00 MB (  2%) committed 

Chunk freelists:
   Non-Class:  0 bytes
       Class:  2.25 KB
        Both:  2.25 KB

CodeHeap 'non-profiled nmethods': size=238912Kb used=3905Kb max_used=3905Kb free=235006Kb
 bounds [0x000001fae0bf0000, 0x000001fae0fd0000, 0x000001faef540000]
CodeHeap 'non-nmethods': size=6848Kb used=1260Kb max_used=1260Kb free=5587Kb
 bounds [0x000001fae0540000, 0x000001fae07b0000, 0x000001fae0bf0000]
 total_blobs=2859 nmethods=2348 adapters=429
 compilation: disabled (not enough contiguous free space left)
              stopped_count=1, restarted_count=0
 full_count=1

Compilation events (10 events):
Event: 2.694 Thread 0x000001faf9352800 2341       1       org.springframework.core.BridgeMethodResolver::findBridgedMethod (117 bytes)
Event: 2.695 Thread 0x000001faf9352800 nmethod 2341 0x000001fae0fbe190 code [0x000001fae0fbe3c0, 0x000001fae0fbea10]
Event: 2.695 Thread 0x000001faf9352800 2343       1       org.springframework.core.convert.support.GenericConversionService$Converters::getRegisteredConverter (93 bytes)
Event: 2.695 Thread 0x000001faf9352800 nmethod 2343 0x000001fae0fbee10 code [0x000001fae0fbf020, 0x000001fae0fbf400]
Event: 2.695 Thread 0x000001faf9352800 2344       1       java.util.concurrent.CopyOnWriteArraySet::iterator (8 bytes)
Event: 2.695 Thread 0x000001faf9352800 nmethod 2344 0x000001fae0fbf610 code [0x000001fae0fbf7c0, 0x000001fae0fbf9d8]
Event: 2.695 Thread 0x000001faf9352800 2342       1       java.util.concurrent.ConcurrentHashMap::remove (8 bytes)
Event: 2.695 Thread 0x000001faf9352800 nmethod 2342 0x000001fae0fbfa90 code [0x000001fae0fbfc60, 0x000001fae0fbfdf0]
Event: 2.695 Thread 0x000001faf9352800 2345       1       java.util.LinkedHashMap$LinkedKeySet::size (8 bytes)
Event: 2.695 Thread 0x000001faf9352800 


GC Heap History (10 events):
Event: 0.319 GC heap before
{Heap before GC invocations=0 (full 0):
 garbage-first heap   total 194560K, used 13312K [0x0000000742200000, 0x0000000800000000)
  region size 1024K, 14 young (14336K), 0 survivors (0K)
 Metaspace       used 681K, capacity 4605K, committed 4864K, reserved 1056768K
  class space    used 70K, capacity 409K, committed 512K, reserved 1048576K
}
Event: 0.324 GC heap after
{Heap after GC invocations=1 (full 0):
 garbage-first heap   total 194560K, used 5930K [0x0000000742200000, 0x0000000800000000)
  region size 1024K, 2 young (2048K), 2 survivors (2048K)
 Metaspace       used 681K, capacity 4605K, committed 4864K, reserved 1056768K
  class space    used 70K, capacity 409K, committed 512K, reserved 1048576K
}
Event: 1.058 GC heap before
{Heap before GC invocations=1 (full 0):
 garbage-first heap   total 194560K, used 21290K [0x0000000742200000, 0x0000000800000000)
  region size 1024K, 17 young (17408K), 2 survivors (2048K)
 Metaspace       used 5299K, capacity 5855K, committed 5888K, reserved 1056768K
  class space    used 646K, capacity 768K, committed 768K, reserved 1048576K
}
Event: 1.060 GC heap after
{Heap after GC invocations=2 (full 0):
 garbage-first heap   total 194560K, used 7573K [0x0000000742200000, 0x0000000800000000)
  region size 1024K, 2 young (2048K), 2 survivors (2048K)
 Metaspace       used 5299K, capacity 5855K, committed 5888K, reserved 1056768K
  class space    used 646K, capacity 768K, committed 768K, reserved 1048576K
}
Event: 1.267 GC heap before
{Heap before GC invocations=2 (full 0):
 garbage-first heap   total 194560K, used 30101K [0x0000000742200000, 0x0000000800000000)
  region size 1024K, 24 young (24576K), 2 survivors (2048K)
 Metaspace       used 7727K, capacity 8144K, committed 8320K, reserved 1056768K
  class space    used 960K, capacity 1088K, committed 1152K, reserved 1048576K
}
Event: 1.269 GC heap after
{Heap after GC invocations=3 (full 0):
 garbage-first heap   total 194560K, used 8716K [0x0000000742200000, 0x0000000800000000)
  region size 1024K, 2 young (2048K), 2 survivors (2048K)
 Metaspace       used 7727K, capacity 8144K, committed 8320K, reserved 1056768K
  class space    used 960K, capacity 1088K, committed 1152K, reserved 1048576K
}
Event: 2.422 GC heap before
{Heap before GC invocations=3 (full 0):
 garbage-first heap   total 194560K, used 44556K [0x0000000742200000, 0x0000000800000000)
  region size 1024K, 38 young (38912K), 2 survivors (2048K)
 Metaspace       used 12208K, capacity 12781K, committed 12928K, reserved 1060864K
  class space    used 1589K, capacity 1821K, committed 1920K, reserved 1048576K
}
Event: 2.424 GC heap after
{Heap after GC invocations=4 (full 0):
 garbage-first heap   total 194560K, used 9881K [0x0000000742200000, 0x0000000800000000)
  region size 1024K, 3 young (3072K), 3 survivors (3072K)
 Metaspace       used 12208K, capacity 12781K, committed 12928K, reserved 1060864K
  class space    used 1589K, capacity 1821K, committed 1920K, reserved 1048576K
}
Event: 2.707 GC heap before
{Heap before GC invocations=4 (full 0):
 garbage-first heap   total 194560K, used 74393K [0x0000000742200000, 0x0000000800000000)
  region size 1024K, 68 young (69632K), 3 survivors (3072K)
 Metaspace       used 18660K, capacity 19438K, committed 19456K, reserved 1073152K
  class space    used 2507K, capacity 2798K, committed 2816K, reserved 1048576K
}
Event: 2.713 GC heap after
{Heap after GC invocations=5 (full 0):
 garbage-first heap   total 194560K, used 11757K [0x0000000742200000, 0x0000000800000000)
  region size 1024K, 5 young (5120K), 5 survivors (5120K)
 Metaspace       used 18660K, capacity 19438K, committed 19456K, reserved 1073152K
  class space    used 2507K, capacity 2798K, committed 2816K, reserved 1048576K
}

Deoptimization events (0 events):
No events

Classes redefined (0 events):
No events

Internal exceptions (10 events):
Event: 2.535 Thread 0x000001fad813c000 Exception <a 'java/lang/ClassNotFoundException'{0x000000074c78b170}: org/springframework/beans/factory/AwareCustomizer> (0x000000074c78b170) thrown at [t:/workspace/open/src/hotspot/share/classfile/systemDictionary.cpp, line 235]
Event: 2.535 Thread 0x000001fad813c000 Exception <a 'java/lang/ClassNotFoundException'{0x000000074c7a0228}: org/springframework/context/EnvironmentAwareCustomizer> (0x000000074c7a0228) thrown at [t:/workspace/open/src/hotspot/share/classfile/systemDictionary.cpp, line 235]
Event: 2.536 Thread 0x000001fad813c000 Exception <a 'java/lang/ClassNotFoundException'{0x000000074c7b4ea8}: org/springframework/beans/factory/AwareCustomizer> (0x000000074c7b4ea8) thrown at [t:/workspace/open/src/hotspot/share/classfile/systemDictionary.cpp, line 235]
Event: 2.585 Thread 0x000001fafa620800 Exception <a 'java/lang/reflect/InvocationTargetException'{0x000000074b5837a8}> (0x000000074b5837a8) thrown at [t:/workspace/open/src/hotspot/share/runtime/reflection.cpp, line 1183]
Event: 2.588 Thread 0x000001fad813c000 Exception <a 'java/lang/NoSuchMethodError'{0x000000074b4a60c8}: java.lang.invoke.DirectMethodHandle$Holder.invokeInterface(Ljava/lang/Object;Ljava/lang/Object;Ljava/lang/Object;Ljava/lang/Object;)V> (0x000000074b4a60c8) thrown at [t:/workspace/open/src/ho
Event: 2.646 Thread 0x000001fafa6da800 Exception <a 'java/lang/NoSuchMethodError'{0x000000074a772180}: java.lang.invoke.DirectMethodHandle$Holder.invokeStaticInit(Ljava/lang/Object;Ljava/lang/Object;Ljava/lang/Object;Ljava/lang/Object;Ljava/lang/Object;)Ljava/lang/Object;> (0x000000074a772180)
Event: 2.651 Thread 0x000001fafa6da800 Exception <a 'java/lang/NoSuchMethodError'{0x000000074a642bc8}: java.lang.invoke.DirectMethodHandle$Holder.invokeStatic(Ljava/lang/Object;Ljava/lang/Object;Ljava/lang/Object;Ljava/lang/Object;Ljava/lang/Object;Ljava/lang/Object;Ljava/lang/Object;Ljava/lan
Event: 2.653 Thread 0x000001fafa6da800 Exception <a 'java/lang/NoSuchMethodError'{0x000000074a663670}: java.lang.invoke.DirectMethodHandle$Holder.invokeStatic(Ljava/lang/Object;Ljava/lang/Object;Ljava/lang/Object;Ljava/lang/Object;Ljava/lang/Object;Ljava/lang/Object;Ljava/lang/Object;Ljava/lan
Event: 2.691 Thread 0x000001fafa6da800 Exception <a 'java/lang/OutOfMemoryError'{0x0000000749f7eeb8}> (0x0000000749f7eeb8) thrown at [t:/workspace/open/src/hotspot/share/prims/jni.cpp, line 636]
Event: 2.700 Thread 0x000001fafa6da800 Exception <a 'java/lang/OutOfMemoryError'{0x0000000749da3288}> (0x0000000749da3288) thrown at [t:/workspace/open/src/hotspot/share/prims/jni.cpp, line 636]

Events (10 events):
Event: 2.705 loading class org/springframework/boot/autoconfigure/condition/ConditionEvaluationReport$ConditionAndOutcomes done
Event: 2.705 loading class org/springframework/context/support/LiveBeansView
Event: 2.705 loading class org/springframework/context/support/LiveBeansView done
Event: 2.705 loading class org/springframework/context/support/LiveBeansViewMBean
Event: 2.705 loading class org/springframework/context/support/LiveBeansViewMBean done
Event: 2.706 loading class com/sun/jmx/mbeanserver/StandardMBeanSupport
Event: 2.706 loading class com/sun/jmx/mbeanserver/StandardMBeanSupport done
Event: 2.706 loading class com/sun/jmx/mbeanserver/StandardMBeanIntrospector
Event: 2.706 loading class com/sun/jmx/mbeanserver/StandardMBeanIntrospector done
Event: 2.707 Executing VM operation: CollectForMetadataAllocation


Dynamic libraries:
0x00007ff7f6d50000 - 0x00007ff7f6d5f000 	C:\Program Files\Java\jdk-12.0.2\bin\java.exe
0x00007ffd64070000 - 0x00007ffd64266000 	C:\WINDOWS\SYSTEM32\ntdll.dll
0x00007ffd635b0000 - 0x00007ffd6366d000 	C:\WINDOWS\System32\KERNEL32.DLL
0x00007ffd61aa0000 - 0x00007ffd61d69000 	C:\WINDOWS\System32\KERNELBASE.dll
0x00007ffd61fd0000 - 0x00007ffd620d0000 	C:\WINDOWS\System32\ucrtbase.dll
0x00007ffd5ca90000 - 0x00007ffd5caa8000 	C:\Program Files\Java\jdk-12.0.2\bin\jli.dll
0x00007ffd63670000 - 0x00007ffd6371c000 	C:\WINDOWS\System32\ADVAPI32.dll
0x00007ffd62280000 - 0x00007ffd6231e000 	C:\WINDOWS\System32\msvcrt.dll
0x00007ffd632a0000 - 0x00007ffd6333c000 	C:\WINDOWS\System32\sechost.dll
0x00007ffd630c0000 - 0x00007ffd631eb000 	C:\WINDOWS\System32\RPCRT4.dll
0x00007ffd633b0000 - 0x00007ffd63550000 	C:\WINDOWS\System32\USER32.dll
0x00007ffd61fa0000 - 0x00007ffd61fc2000 	C:\WINDOWS\System32\win32u.dll
0x00007ffd63dd0000 - 0x00007ffd63dfa000 	C:\WINDOWS\System32\GDI32.dll
0x00007ffd61e60000 - 0x00007ffd61f69000 	C:\WINDOWS\System32\gdi32full.dll
0x00007ffd61dc0000 - 0x00007ffd61e5d000 	C:\WINDOWS\System32\msvcp_win.dll
0x00007ffd531a0000 - 0x00007ffd531b6000 	C:\Program Files\Java\jdk-12.0.2\bin\VCRUNTIME140.dll
0x00007ffd51220000 - 0x00007ffd514bb000 	C:\WINDOWS\WinSxS\amd64_microsoft.windows.common-controls_6595b64144ccf1df_6.0.19041.488_none_ca04af081b815d21\COMCTL32.dll
0x00007ffd59230000 - 0x00007ffd5923a000 	C:\WINDOWS\SYSTEM32\VERSION.dll
0x00007ffd62190000 - 0x00007ffd621c0000 	C:\WINDOWS\System32\IMM32.DLL
0x00007ffd38b10000 - 0x00007ffd38bba000 	C:\Program Files\Java\jdk-12.0.2\bin\msvcp140.dll
0x00007ffd20700000 - 0x00007ffd21277000 	C:\Program Files\Java\jdk-12.0.2\bin\server\jvm.dll
0x00007ffd63cf0000 - 0x00007ffd63cf8000 	C:\WINDOWS\System32\PSAPI.DLL
0x00007ffd54070000 - 0x00007ffd54097000 	C:\WINDOWS\SYSTEM32\WINMM.dll
0x00007ffd4fb40000 - 0x00007ffd4fb49000 	C:\WINDOWS\SYSTEM32\WSOCK32.dll
0x00007ffd63340000 - 0x00007ffd633ab000 	C:\WINDOWS\System32\WS2_32.dll
0x00007ffd600e0000 - 0x00007ffd600f2000 	C:\WINDOWS\SYSTEM32\kernel.appcore.dll
0x00007ffd5cb00000 - 0x00007ffd5cb11000 	C:\Program Files\Java\jdk-12.0.2\bin\verify.dll
0x00007ffd5fda0000 - 0x00007ffd5ff84000 	C:\WINDOWS\SYSTEM32\DBGHELP.DLL
0x00007ffd4e880000 - 0x00007ffd4e8ac000 	C:\WINDOWS\SYSTEM32\dbgcore.DLL
0x00007ffd617b0000 - 0x00007ffd61830000 	C:\WINDOWS\System32\bcryptPrimitives.dll
0x00007ffd5cac0000 - 0x00007ffd5cae6000 	C:\Program Files\Java\jdk-12.0.2\bin\java.dll
0x00007ffd50620000 - 0x00007ffd50658000 	C:\Program Files\Java\jdk-12.0.2\bin\jdwp.dll
0x00007ffd5cab0000 - 0x00007ffd5cabe000 	C:\Program Files\Java\jdk-12.0.2\bin\instrument.dll
0x00007ffd593f0000 - 0x00007ffd59407000 	C:\Program Files\Java\jdk-12.0.2\bin\zip.dll
0x00007ffd5c140000 - 0x00007ffd5c14a000 	C:\Program Files\Java\jdk-12.0.2\bin\jimage.dll
0x00007ffd62960000 - 0x00007ffd630a2000 	C:\WINDOWS\System32\SHELL32.dll
0x00007ffd5f530000 - 0x00007ffd5fcc5000 	C:\WINDOWS\SYSTEM32\windows.storage.dll
0x00007ffd63870000 - 0x00007ffd63bc6000 	C:\WINDOWS\System32\combase.dll
0x00007ffd61220000 - 0x00007ffd6124c000 	C:\WINDOWS\SYSTEM32\Wldp.dll
0x00007ffd620e0000 - 0x00007ffd6218e000 	C:\WINDOWS\System32\SHCORE.dll
0x00007ffd621c0000 - 0x00007ffd62215000 	C:\WINDOWS\System32\shlwapi.dll
0x00007ffd616e0000 - 0x00007ffd61706000 	C:\WINDOWS\SYSTEM32\profapi.dll
0x00007ffd5c060000 - 0x00007ffd5c06a000 	C:\Program Files\Java\jdk-12.0.2\bin\dt_socket.dll
0x00007ffd60fa0000 - 0x00007ffd6100a000 	C:\WINDOWS\system32\mswsock.dll
0x00007ffd537c0000 - 0x00007ffd537d9000 	C:\Program Files\Java\jdk-12.0.2\bin\net.dll
0x00007ffd552d0000 - 0x00007ffd554bd000 	C:\WINDOWS\SYSTEM32\urlmon.dll
0x00007ffd54f20000 - 0x00007ffd55020000 	C:\WINDOWS\SYSTEM32\WINHTTP.dll
0x00007ffd55020000 - 0x00007ffd552d0000 	C:\WINDOWS\SYSTEM32\iertutil.dll
0x00007ffd53760000 - 0x00007ffd53773000 	C:\Program Files\Java\jdk-12.0.2\bin\nio.dll
0x00007ffd60c60000 - 0x00007ffd60d2b000 	C:\WINDOWS\SYSTEM32\DNSAPI.dll
0x00007ffd60c20000 - 0x00007ffd60c5b000 	C:\WINDOWS\SYSTEM32\IPHLPAPI.DLL
0x00007ffd620d0000 - 0x00007ffd620d8000 	C:\WINDOWS\System32\NSI.dll
0x00007ffd54440000 - 0x00007ffd5444a000 	C:\Windows\System32\rasadhlp.dll
0x00007ffd54310000 - 0x00007ffd5438f000 	C:\WINDOWS\System32\fwpuclnt.dll
0x00007ffd61f70000 - 0x00007ffd61f97000 	C:\WINDOWS\System32\bcrypt.dll
0x00007ffd534a0000 - 0x00007ffd534a9000 	C:\Program Files\Java\jdk-12.0.2\bin\management.dll
0x00007ffd53490000 - 0x00007ffd5349c000 	C:\Program Files\Java\jdk-12.0.2\bin\management_ext.dll
0x00007ffd61170000 - 0x00007ffd61188000 	C:\WINDOWS\SYSTEM32\CRYPTSP.dll
0x00007ffd60860000 - 0x00007ffd60894000 	C:\WINDOWS\system32\rsaenh.dll
0x00007ffd616a0000 - 0x00007ffd616ce000 	C:\WINDOWS\SYSTEM32\USERENV.dll
0x00007ffd61190000 - 0x00007ffd6119c000 	C:\WINDOWS\SYSTEM32\CRYPTBASE.dll
0x00007ffd59210000 - 0x00007ffd59227000 	C:\WINDOWS\SYSTEM32\dhcpcsvc6.DLL
0x00007ffd593d0000 - 0x00007ffd593ed000 	C:\WINDOWS\SYSTEM32\dhcpcsvc.DLL
0x00007ffd4c0f0000 - 0x00007ffd4c107000 	C:\WINDOWS\system32\napinsp.dll
0x00007ffd4a6d0000 - 0x00007ffd4a6eb000 	C:\WINDOWS\system32\pnrpnsp.dll
0x00007ffd4a6b0000 - 0x00007ffd4a6c5000 	C:\WINDOWS\system32\wshbth.dll
0x00007ffd5c940000 - 0x00007ffd5c95d000 	C:\WINDOWS\system32\NLAapi.dll
0x00007ffd4a690000 - 0x00007ffd4a6a2000 	C:\WINDOWS\System32\winrnr.dll

dbghelp: loaded successfully - version: 4.0.5 - missing functions: none
symbol engine: initialized successfully - sym options: 0x614 - pdb path: .;C:\Program Files\Java\jdk-12.0.2\bin;C:\WINDOWS\SYSTEM32;C:\WINDOWS\WinSxS\amd64_microsoft.windows.common-controls_6595b64144ccf1df_6.0.19041.488_none_ca04af081b815d21;C:\Program Files\Java\jdk-12.0.2\bin\server

VM Arguments:
jvm_args: -agentlib:jdwp=transport=dt_socket,address=127.0.0.1:50752,suspend=y,server=n -XX:TieredStopAtLevel=1 -Xverify:none -Dspring.output.ansi.enabled=always -Dcom.sun.management.jmxremote -Dspring.jmx.enabled=true -Dspring.liveBeansView.mbeanDomain -Dspring.application.admin.enabled=true -javaagent:C:\Users\DELL\.IntelliJIdea2019.2\system\captureAgent\debugger-agent.jar -Dfile.encoding=UTF-8 
java_command: com.sed.cloud.GlobalEurekaClone3Application
java_class_path (initial): E:\idea\SpringCloundDemo\cloud-global-eureka-clone3\target\classes;D:\Maven\repository\org\springframework\cloud\spring-cloud-starter-config\2.2.6.RELEASE\spring-cloud-starter-config-2.2.6.RELEASE.jar;D:\Maven\repository\org\springframework\cloud\spring-cloud-starter\2.2.6.RELEASE\spring-cloud-starter-2.2.6.RELEASE.jar;D:\Maven\repository\org\springframework\cloud\spring-cloud-context\2.2.6.RELEASE\spring-cloud-context-2.2.6.RELEASE.jar;D:\Maven\repository\org\springframework\security\spring-security-crypto\5.3.6.RELEASE\spring-security-crypto-5.3.6.RELEASE.jar;D:\Maven\repository\org\springframework\cloud\spring-cloud-commons\2.2.6.RELEASE\spring-cloud-commons-2.2.6.RELEASE.jar;D:\Maven\repository\org\springframework\security\spring-security-rsa\1.0.9.RELEASE\spring-security-rsa-1.0.9.RELEASE.jar;D:\Maven\repository\org\bouncycastle\bcpkix-jdk15on\1.64\bcpkix-jdk15on-1.64.jar;D:\Maven\repository\org\bouncycastle\bcprov-jdk15on\1.64\bcprov-jdk15on-1.64.jar;D:\Maven\repository\org\springframework\cloud\spring-cloud-config-client\2.2.6.RELEASE\spring-cloud-config-client-2.2.6.RELEASE.jar;D:\Maven\repository\org\springframework\boot\spring-boot-autoconfigure\2.3.7.RELEASE\spring-boot-autoconfigure-2.3.7.RELEASE.jar;D:\Maven\repository\org\springframework\spring-web\5.2.12.RELEASE\spring-web-5.2.12.RELEASE.jar;D:\Maven\repository\org\springframework\spring-beans\5.2.12.RELEASE\spring-beans-5.2.12.RELEASE.jar;D:\Maven\repository\com\fasterxml\jackson\core\jackson-annotations\2.11.3\jackson-annotations-2.11.3.jar;D:\Maven\repository\org\apache\httpcomponents\httpclient\4.5.13\httpclient-4.5.13.jar;D:\Maven\repository\org\apache\httpcomponents\httpcore\4.4.14\httpcore-4.4.14.jar;D:\Maven\repository\commons-codec\commons-codec\1.14\commons-codec-1.14.jar;D:\Maven\repository\com\fasterxml\jackson\core\jackson-databind\2.11.3\jackson-databind-2.11.3.jar;D:\Maven\repository\com\fasterxml\jackson\core\jackson-core\2.11.3\jackson-core-2.11.3.jar;D:\M
Launcher Type: SUN_STANDARD

[Global flags]
     bool BytecodeVerificationLocal                = false                                     {product} {command line}
     bool BytecodeVerificationRemote               = false                                     {product} {command line}
     intx CICompilerCount                          = 3                                         {product} {ergonomic}
     uint ConcGCThreads                            = 1                                         {product} {ergonomic}
     uint G1ConcRefinementThreads                  = 4                                         {product} {ergonomic}
   size_t G1HeapRegionSize                         = 1048576                                   {product} {ergonomic}
    uintx GCDrainStackTargetSize                   = 64                                        {product} {ergonomic}
   size_t InitialHeapSize                          = 199229440                                 {product} {ergonomic}
     bool ManagementServer                         = true                                      {product} {command line}
   size_t MarkStackSize                            = 4194304                                   {product} {ergonomic}
   size_t MaxHeapSize                              = 3185573888                                {product} {ergonomic}
   size_t MaxNewSize                               = 1910505472                                {product} {ergonomic}
   size_t MinHeapDeltaBytes                        = 1048576                                   {product} {ergonomic}
    uintx NonNMethodCodeHeapSize                   = 6973028                                {pd product} {ergonomic}
    uintx NonProfiledCodeHeapSize                  = 244685212                              {pd product} {ergonomic}
    uintx ProfiledCodeHeapSize                     = 0                                      {pd product} {ergonomic}
    uintx ReservedCodeCacheSize                    = 251658240                              {pd product} {ergonomic}
     bool SegmentedCodeCache                       = true                                      {product} {ergonomic}
     intx TieredStopAtLevel                        = 1                                         {product} {command line}
     bool UseCompressedClassPointers               = true                                 {lp64_product} {ergonomic}
     bool UseCompressedOops                        = true                                 {lp64_product} {ergonomic}
     bool UseG1GC                                  = true                                      {product} {ergonomic}
     bool UseLargePagesIndividualAllocation        = false                                  {pd product} {ergonomic}

Logging:
Log output configuration:
 #0: stdout all=warning uptime,level,tags
 #1: stderr all=off uptime,level,tags

Environment Variables:
JAVA_HOME=C:\Program Files\Java\jdk1.8.0_144
PATH=G:\Program Files (x86)\NetSarang\Xshell 6\;C:\ProgramData\Oracle\Java\javapath;C:\Program Files\HPE\NV\lib\shunra\vcat;C:\Program Files\Intel\iCLS Client\;C:\Windows\system32;C:\Windows;C:\Windows\System32\Wbem;C:\Windows\System32\WindowsPowerShell\v1.0\;C:\Program Files (x86)\NVIDIA Corporation\PhysX\Common;C:\WINDOWS\system32;C:\WINDOWS;C:\WINDOWS\System32\Wbem;C:\WINDOWS\System32\WindowsPowerShell\v1.0\;C:\WINDOWS\System32\OpenSSH\;C:\Program Files\MySQL\MySQL Server 8.0\bin;";D:\apache-maven-3.6.2\bin";C:\Program Files (x86)\Intel\Intel(R) Management Engine Components\DAL;C:\Program Files\Intel\Intel(R) Management Engine Components\DAL;D:\apache-maven-3.6.2\bin;C:\Program Files\Java\jdk1.8.0_144\bin;F:\Git\cmd;D:\Fiddler;;E:\JetBrains\IntelliJ IDEA 2019.2.4\bin;;C:\Users\DELL\AppData\Local\Microsoft\WindowsApps
USERNAME=DELL
OS=Windows_NT
PROCESSOR_IDENTIFIER=Intel64 Family 6 Model 158 Stepping 9, GenuineIntel



---------------  S Y S T E M  ---------------

OS: Windows 10 , 64 bit Build 19041 (10.0.19041.662)

CPU:total 4 (initial active 4) (4 cores per cpu, 1 threads per core) family 6 model 158 stepping 9, cmov, cx8, fxsr, mmx, sse, sse2, sse3, ssse3, sse4.1, sse4.2, popcnt, avx, avx2, aes, clmul, erms, 3dnowpref, lzcnt, tsc, tscinvbit, bmi1, bmi2, adx, fma

Memory: 4k page, system-wide physical 12150M (2930M free)
TotalPageFile size 12150M (AvailPageFile size 3M)
current process WorkingSet (physical memory assigned to process): 153M, peak: 153M
current process commit charge ("private bytes"): 310M, peak: 311M

vm_info: Java HotSpot(TM) 64-Bit Server VM (12.0.2+10) for windows-amd64 JRE (12.0.2+10), built on Jul 16 2019 01:56:17 by "mach5one" with MS VC++ 15.5 (VS2017)

END.
