#
# There is insufficient memory for the Java Runtime Environment to continue.
# Native memory allocation (malloc) failed to allocate 2147536 bytes for Chunk::new
# Possible reasons:
#   The system is out of physical RAM or swap space
#   In 32 bit mode, the process size limit was hit
# Possible solutions:
#   Reduce memory load on the system
#   Increase physical memory or swap space
#   Check if swap backing store is full
#   Use 64 bit Java on a 64 bit OS
#   Decrease Java heap size (-Xmx/-Xms)
#   Decrease number of Java threads
#   Decrease Java thread stack sizes (-Xss)
#   Set larger code cache with -XX:ReservedCodeCacheSize=
# This output file may be truncated or incomplete.
#
#  Out of Memory Error (allocation.cpp:390), pid=7364, tid=0x0000000000003b54
#
# JRE version: Java(TM) SE Runtime Environment (8.0_144-b01) (build 1.8.0_144-b01)
# Java VM: Java HotSpot(TM) 64-Bit Server VM (25.144-b01 mixed mode windows-amd64 compressed oops)
# Failed to write core dump. Minidumps are not enabled by default on client versions of Windows
#

---------------  T H R E A D  ---------------

Current thread (0x000000001aeb9000):  JavaThread "C2 CompilerThread1" daemon [_thread_in_native, id=15188, stack(0x000000001b5b0000,0x000000001b6b0000)]

Stack: [0x000000001b5b0000,0x000000001b6b0000]
[error occurred during error reporting (printing stack bounds), id 0xc0000005]

Native frames: (J=compiled Java code, j=interpreted, Vv=VM code, C=native code)


Current CompileTask:
C2:   2598 2023   !   4       java.net.URLClassLoader$1::run (63 bytes)


---------------  P R O C E S S  ---------------

Java Threads: ( => current thread )
  0x000000001b0dc000 JavaThread "surefire-forkedjvm-ping-30s" daemon [_thread_in_native, id=14504, stack(0x000000001bab0000,0x000000001bbb0000)]
  0x000000001b052000 JavaThread "surefire-forkedjvm-command-thread" daemon [_thread_in_native, id=6956, stack(0x000000001b9b0000,0x000000001bab0000)]
  0x000000001af29800 JavaThread "Service Thread" daemon [_thread_blocked, id=17672, stack(0x000000001b7b0000,0x000000001b8b0000)]
  0x000000001aebf800 JavaThread "C1 CompilerThread2" daemon [_thread_blocked, id=11088, stack(0x000000001b6b0000,0x000000001b7b0000)]
=>0x000000001aeb9000 JavaThread "C2 CompilerThread1" daemon [_thread_in_native, id=15188, stack(0x000000001b5b0000,0x000000001b6b0000)]
  0x0000000019b7d800 JavaThread "C2 CompilerThread0" daemon [_thread_in_native, id=5664, stack(0x000000001b4b0000,0x000000001b5b0000)]
  0x000000001aeb8800 JavaThread "Attach Listener" daemon [_thread_blocked, id=14320, stack(0x000000001b3b0000,0x000000001b4b0000)]
  0x0000000019b2f000 JavaThread "Signal Dispatcher" daemon [_thread_blocked, id=14412, stack(0x000000001b2b0000,0x000000001b3b0000)]
  0x0000000019b0a800 JavaThread "Finalizer" daemon [_thread_blocked, id=17852, stack(0x000000001adb0000,0x000000001aeb0000)]
  0x0000000019ae9000 JavaThread "Reference Handler" daemon [_thread_blocked, id=12688, stack(0x000000001acb0000,0x000000001adb0000)]
  0x00000000027ed800 JavaThread "main" [_thread_in_native, id=16772, stack(0x00000000028f0000,0x00000000029f0000)]

Other Threads:
  0x0000000019ae7800 VMThread [stack: 0x000000001abb0000,0x000000001acb0000] [id=15564]
  0x000000001af86800 WatcherThread [stack: 0x000000001b8b0000,0x000000001b9b0000] [id=15376]

VM state:not at safepoint (normal execution)

VM Mutex/Monitor currently owned by a thread: None

Heap:
 PSYoungGen      total 83968K, used 16563K [0x0000000780b80000, 0x0000000787980000, 0x00000007c0000000)
  eden space 77312K, 13% used [0x0000000780b80000,0x00000007815a35b8,0x0000000785700000)
  from space 6656K, 92% used [0x0000000787300000,0x0000000787909650,0x0000000787980000)
  to   space 7680K, 0% used [0x0000000786a80000,0x0000000786a80000,0x0000000787200000)
 ParOldGen       total 80384K, used 7906K [0x0000000702200000, 0x0000000707080000, 0x0000000780b80000)
  object space 80384K, 9% used [0x0000000702200000,0x00000007029b8a68,0x0000000707080000)
 Metaspace       used 25558K, capacity 27110K, committed 27392K, reserved 1073152K
  class space    used 3462K, capacity 3765K, committed 3840K, reserved 1048576K

Card table byte_map: [0x0000000011eb0000,0x00000000124a0000] byte_map_base: 0x000000000e69f000

Marking Bits: (ParMarkBitMap*) 0x0000000068cfd850
 Begin Bits: [0x0000000012ca0000, 0x0000000015c18000)
 End Bits:   [0x0000000015c18000, 0x0000000018b90000)

Polling page: 0x0000000000720000

CodeCache: size=245760Kb used=6686Kb max_used=6686Kb free=239073Kb
 bounds [0x0000000002af0000, 0x0000000003180000, 0x0000000011af0000]
 total_blobs=2476 nmethods=2070 adapters=318
 compilation: enabled

Compilation events (10 events):
Event: 2.527 Thread 0x000000001aebf800 2070       3       java.util.stream.IntPipeline::adapt (37 bytes)
Event: 2.527 Thread 0x000000001aebf800 nmethod 2070 0x0000000003177e90 code [0x0000000003178040, 0x00000000031786b8]
Event: 2.527 Thread 0x000000001aebf800 2071       3       org.springframework.core.env.SystemEnvironmentPropertySource::resolvePropertyName (45 bytes)
Event: 2.528 Thread 0x000000001aebf800 nmethod 2071 0x0000000003178810 code [0x00000000031789e0, 0x0000000003179088]
Event: 2.528 Thread 0x000000001aebf800 2072       3       org.springframework.boot.context.properties.bind.JavaBeanBinder$Bean$$Lambda$327/2079565272::apply (8 bytes)
Event: 2.528 Thread 0x000000001aebf800 nmethod 2072 0x0000000003179310 code [0x0000000003179480, 0x0000000003179770]
Event: 2.528 Thread 0x000000001aebf800 2073   !   3       org.springframework.core.env.PropertiesPropertySource::getPropertyNames (22 bytes)
Event: 2.528 Thread 0x000000001aebf800 nmethod 2073 0x0000000003179850 code [0x0000000003179a20, 0x000000000317a468]
Event: 2.528 Thread 0x000000001aebf800 2074       3       org.springframework.boot.context.properties.source.ConfigurationPropertyName::isIndexed (12 bytes)
Event: 2.528 Thread 0x000000001aebf800 nmethod 2074 0x000000000317a8d0 code [0x000000000317aa40, 0x000000000317acf0]

GC Heap History (10 events):
Event: 0.861 GC heap before
{Heap before GC invocations=1 (full 0):
 PSYoungGen      total 56832K, used 49152K [0x0000000780b80000, 0x0000000784a80000, 0x00000007c0000000)
  eden space 49152K, 100% used [0x0000000780b80000,0x0000000783b80000,0x0000000783b80000)
  from space 7680K, 0% used [0x0000000784300000,0x0000000784300000,0x0000000784a80000)
  to   space 7680K, 0% used [0x0000000783b80000,0x0000000783b80000,0x0000000784300000)
 ParOldGen       total 130048K, used 0K [0x0000000702200000, 0x000000070a100000, 0x0000000780b80000)
  object space 130048K, 0% used [0x0000000702200000,0x0000000702200000,0x000000070a100000)
 Metaspace       used 11173K, capacity 12044K, committed 12160K, reserved 1060864K
  class space    used 1394K, capacity 1602K, committed 1664K, reserved 1048576K
Event: 0.866 GC heap after
Heap after GC invocations=1 (full 0):
 PSYoungGen      total 56832K, used 6504K [0x0000000780b80000, 0x0000000784a80000, 0x00000007c0000000)
  eden space 49152K, 0% used [0x0000000780b80000,0x0000000780b80000,0x0000000783b80000)
  from space 7680K, 84% used [0x0000000783b80000,0x00000007841da318,0x0000000784300000)
  to   space 7680K, 0% used [0x0000000784300000,0x0000000784300000,0x0000000784a80000)
 ParOldGen       total 130048K, used 16K [0x0000000702200000, 0x000000070a100000, 0x0000000780b80000)
  object space 130048K, 0% used [0x0000000702200000,0x0000000702204000,0x000000070a100000)
 Metaspace       used 11173K, capacity 12044K, committed 12160K, reserved 1060864K
  class space    used 1394K, capacity 1602K, committed 1664K, reserved 1048576K
}
Event: 1.923 GC heap before
{Heap before GC invocations=2 (full 0):
 PSYoungGen      total 56832K, used 55656K [0x0000000780b80000, 0x0000000784a80000, 0x00000007c0000000)
  eden space 49152K, 100% used [0x0000000780b80000,0x0000000783b80000,0x0000000783b80000)
  from space 7680K, 84% used [0x0000000783b80000,0x00000007841da318,0x0000000784300000)
  to   space 7680K, 0% used [0x0000000784300000,0x0000000784300000,0x0000000784a80000)
 ParOldGen       total 130048K, used 16K [0x0000000702200000, 0x000000070a100000, 0x0000000780b80000)
  object space 130048K, 0% used [0x0000000702200000,0x0000000702204000,0x000000070a100000)
 Metaspace       used 16081K, capacity 17388K, committed 17536K, reserved 1064960K
  class space    used 2094K, capacity 2368K, committed 2432K, reserved 1048576K
Event: 1.930 GC heap after
Heap after GC invocations=2 (full 0):
 PSYoungGen      total 56832K, used 7614K [0x0000000780b80000, 0x0000000784a80000, 0x00000007c0000000)
  eden space 49152K, 0% used [0x0000000780b80000,0x0000000780b80000,0x0000000783b80000)
  from space 7680K, 99% used [0x0000000784300000,0x0000000784a6fa70,0x0000000784a80000)
  to   space 7680K, 0% used [0x0000000783b80000,0x0000000783b80000,0x0000000784300000)
 ParOldGen       total 130048K, used 24K [0x0000000702200000, 0x000000070a100000, 0x0000000780b80000)
  object space 130048K, 0% used [0x0000000702200000,0x0000000702206000,0x000000070a100000)
 Metaspace       used 16081K, capacity 17388K, committed 17536K, reserved 1064960K
  class space    used 2094K, capacity 2368K, committed 2432K, reserved 1048576K
}
Event: 2.117 GC heap before
{Heap before GC invocations=3 (full 0):
 PSYoungGen      total 56832K, used 42684K [0x0000000780b80000, 0x0000000784a80000, 0x00000007c0000000)
  eden space 49152K, 71% used [0x0000000780b80000,0x0000000782dbf600,0x0000000783b80000)
  from space 7680K, 99% used [0x0000000784300000,0x0000000784a6fa70,0x0000000784a80000)
  to   space 7680K, 0% used [0x0000000783b80000,0x0000000783b80000,0x0000000784300000)
 ParOldGen       total 130048K, used 24K [0x0000000702200000, 0x000000070a100000, 0x0000000780b80000)
  object space 130048K, 0% used [0x0000000702200000,0x0000000702206000,0x000000070a100000)
 Metaspace       used 19758K, capacity 21140K, committed 21296K, reserved 1067008K
  class space    used 2647K, capacity 2918K, committed 2944K, reserved 1048576K
Event: 2.123 GC heap after
Heap after GC invocations=3 (full 0):
 PSYoungGen      total 56832K, used 7678K [0x0000000780b80000, 0x0000000787a80000, 0x00000007c0000000)
  eden space 49152K, 0% used [0x0000000780b80000,0x0000000780b80000,0x0000000783b80000)
  from space 7680K, 99% used [0x0000000783b80000,0x00000007842ff9e0,0x0000000784300000)
  to   space 7680K, 0% used [0x0000000787300000,0x0000000787300000,0x0000000787a80000)
 ParOldGen       total 130048K, used 505K [0x0000000702200000, 0x000000070a100000, 0x0000000780b80000)
  object space 130048K, 0% used [0x0000000702200000,0x000000070227e478,0x000000070a100000)
 Metaspace       used 19758K, capacity 21140K, committed 21296K, reserved 1067008K
  class space    used 2647K, capacity 2918K, committed 2944K, reserved 1048576K
}
Event: 2.123 GC heap before
{Heap before GC invocations=4 (full 1):
 PSYoungGen      total 56832K, used 7678K [0x0000000780b80000, 0x0000000787a80000, 0x00000007c0000000)
  eden space 49152K, 0% used [0x0000000780b80000,0x0000000780b80000,0x0000000783b80000)
  from space 7680K, 99% used [0x0000000783b80000,0x00000007842ff9e0,0x0000000784300000)
  to   space 7680K, 0% used [0x0000000787300000,0x0000000787300000,0x0000000787a80000)
 ParOldGen       total 130048K, used 505K [0x0000000702200000, 0x000000070a100000, 0x0000000780b80000)
  object space 130048K, 0% used [0x0000000702200000,0x000000070227e478,0x000000070a100000)
 Metaspace       used 19758K, capacity 21140K, committed 21296K, reserved 1067008K
  class space    used 2647K, capacity 2918K, committed 2944K, reserved 1048576K
Event: 2.147 GC heap after
Heap after GC invocations=4 (full 1):
 PSYoungGen      total 56832K, used 0K [0x0000000780b80000, 0x0000000787a80000, 0x00000007c0000000)
  eden space 49152K, 0% used [0x0000000780b80000,0x0000000780b80000,0x0000000783b80000)
  from space 7680K, 0% used [0x0000000783b80000,0x0000000783b80000,0x0000000784300000)
  to   space 7680K, 0% used [0x0000000787300000,0x0000000787300000,0x0000000787a80000)
 ParOldGen       total 80384K, used 7906K [0x0000000702200000, 0x0000000707080000, 0x0000000780b80000)
  object space 80384K, 9% used [0x0000000702200000,0x00000007029b8a68,0x0000000707080000)
 Metaspace       used 19758K, capacity 21140K, committed 21296K, reserved 1067008K
  class space    used 2647K, capacity 2918K, committed 2944K, reserved 1048576K
}
Event: 2.437 GC heap before
{Heap before GC invocations=5 (full 1):
 PSYoungGen      total 56832K, used 49152K [0x0000000780b80000, 0x0000000787a80000, 0x00000007c0000000)
  eden space 49152K, 100% used [0x0000000780b80000,0x0000000783b80000,0x0000000783b80000)
  from space 7680K, 0% used [0x0000000783b80000,0x0000000783b80000,0x0000000784300000)
  to   space 7680K, 0% used [0x0000000787300000,0x0000000787300000,0x0000000787a80000)
 ParOldGen       total 80384K, used 7906K [0x0000000702200000, 0x0000000707080000, 0x0000000780b80000)
  object space 80384K, 9% used [0x0000000702200000,0x00000007029b8a68,0x0000000707080000)
 Metaspace       used 24572K, capacity 26142K, committed 26496K, reserved 1073152K
  class space    used 3301K, capacity 3609K, committed 3712K, reserved 1048576K
Event: 2.443 GC heap after
Heap after GC invocations=5 (full 1):
 PSYoungGen      total 83968K, used 6181K [0x0000000780b80000, 0x0000000787980000, 0x00000007c0000000)
  eden space 77312K, 0% used [0x0000000780b80000,0x0000000780b80000,0x0000000785700000)
  from space 6656K, 92% used [0x0000000787300000,0x0000000787909650,0x0000000787980000)
  to   space 7680K, 0% used [0x0000000786a80000,0x0000000786a80000,0x0000000787200000)
 ParOldGen       total 80384K, used 7906K [0x0000000702200000, 0x0000000707080000, 0x0000000780b80000)
  object space 80384K, 9% used [0x0000000702200000,0x00000007029b8a68,0x0000000707080000)
 Metaspace       used 24572K, capacity 26142K, committed 26496K, reserved 1073152K
  class space    used 3301K, capacity 3609K, committed 3712K, reserved 1048576K
}

Deoptimization events (10 events):
Event: 2.226 Thread 0x00000000027ed800 Uncommon trap: reason=predicate action=maybe_recompile pc=0x00000000030c7780 method=java.util.AbstractCollection.toArray([Ljava/lang/Object;)[Ljava/lang/Object; @ 49
Event: 2.233 Thread 0x000000001cac1800 Uncommon trap: reason=bimorphic action=maybe_recompile pc=0x0000000002e9ebd0 method=java.util.HashMap.putVal(ILjava/lang/Object;Ljava/lang/Object;ZZ)Ljava/lang/Object; @ 203
Event: 2.235 Thread 0x000000001cac1800 Uncommon trap: reason=bimorphic action=maybe_recompile pc=0x0000000002e9ebd0 method=java.util.HashMap.putVal(ILjava/lang/Object;Ljava/lang/Object;ZZ)Ljava/lang/Object; @ 203
Event: 2.236 Thread 0x000000001cac1800 Uncommon trap: reason=bimorphic action=maybe_recompile pc=0x0000000002e9ebd0 method=java.util.HashMap.putVal(ILjava/lang/Object;Ljava/lang/Object;ZZ)Ljava/lang/Object; @ 203
Event: 2.308 Thread 0x00000000027ed800 Uncommon trap: reason=array_check action=maybe_recompile pc=0x000000000311e2f4 method=java.util.AbstractCollection.toArray([Ljava/lang/Object;)[Ljava/lang/Object; @ 119
Event: 2.308 Thread 0x00000000027ed800 Uncommon trap: reason=array_check action=maybe_recompile pc=0x000000000311e2f4 method=java.util.AbstractCollection.toArray([Ljava/lang/Object;)[Ljava/lang/Object; @ 119
Event: 2.308 Thread 0x00000000027ed800 Uncommon trap: reason=array_check action=maybe_recompile pc=0x000000000311e2f4 method=java.util.AbstractCollection.toArray([Ljava/lang/Object;)[Ljava/lang/Object; @ 119
Event: 2.309 Thread 0x00000000027ed800 Uncommon trap: reason=array_check action=maybe_recompile pc=0x000000000311e2f4 method=java.util.AbstractCollection.toArray([Ljava/lang/Object;)[Ljava/lang/Object; @ 119
Event: 2.340 Thread 0x00000000027ed800 Uncommon trap: reason=unstable_if action=reinterpret pc=0x000000000301d900 method=java.util.Arrays.equals([Ljava/lang/Object;[Ljava/lang/Object;)Z @ 65
Event: 2.506 Thread 0x000000001cac1800 Uncommon trap: reason=unstable_if action=reinterpret pc=0x0000000002f16338 method=jdk.internal.org.objectweb.asm.Type.getArgumentsAndReturnSizes(Ljava/lang/String;)I @ 47

Internal exceptions (10 events):
Event: 2.116 Thread 0x00000000027ed800 Exception <a 'java/lang/ClassNotFoundException': org/springframework/core/OrderedCustomizer> (0x0000000782c8a4c8) thrown at [C:\re\workspace\8-2-build-windows-amd64-cygwin\jdk8u144\9417\hotspot\src\share\vm\classfile\systemDictionary.cpp, line 210]
Event: 2.117 Thread 0x00000000027ed800 Exception <a 'java/lang/ClassNotFoundException': org/springframework/context/ResourceLoaderAwareCustomizer> (0x0000000782ca6e00) thrown at [C:\re\workspace\8-2-build-windows-amd64-cygwin\jdk8u144\9417\hotspot\src\share\vm\classfile\systemDictionary.cpp, l
Event: 2.117 Thread 0x00000000027ed800 Exception <a 'java/lang/ClassNotFoundException': org/springframework/beans/factory/AwareCustomizer> (0x0000000782cc1258) thrown at [C:\re\workspace\8-2-build-windows-amd64-cygwin\jdk8u144\9417\hotspot\src\share\vm\classfile\systemDictionary.cpp, line 210]
Event: 2.148 Thread 0x00000000027ed800 Exception <a 'java/lang/ClassNotFoundException': org/springframework/beans/factory/BeanClassLoaderAwareCustomizer> (0x0000000780b9cf50) thrown at [C:\re\workspace\8-2-build-windows-amd64-cygwin\jdk8u144\9417\hotspot\src\share\vm\classfile\systemDictionary
Event: 2.148 Thread 0x00000000027ed800 Exception <a 'java/lang/ClassNotFoundException': org/springframework/beans/factory/AwareCustomizer> (0x0000000780bb7438) thrown at [C:\re\workspace\8-2-build-windows-amd64-cygwin\jdk8u144\9417\hotspot\src\share\vm\classfile\systemDictionary.cpp, line 210]
Event: 2.149 Thread 0x00000000027ed800 Exception <a 'java/lang/ClassNotFoundException': org/springframework/context/EnvironmentAwareCustomizer> (0x0000000780bd2208) thrown at [C:\re\workspace\8-2-build-windows-amd64-cygwin\jdk8u144\9417\hotspot\src\share\vm\classfile\systemDictionary.cpp, line
Event: 2.149 Thread 0x00000000027ed800 Exception <a 'java/lang/ClassNotFoundException': org/springframework/beans/factory/AwareCustomizer> (0x0000000780bec5d0) thrown at [C:\re\workspace\8-2-build-windows-amd64-cygwin\jdk8u144\9417\hotspot\src\share\vm\classfile\systemDictionary.cpp, line 210]
Event: 2.181 Thread 0x00000000027ed800 Exception <a 'java/lang/NoSuchMethodError': java.lang.Object.lambda$getAllAnnotationAttributes$0(Lorg/springframework/util/MultiValueMap;)Lorg/springframework/util/MultiValueMap;> (0x0000000781596f80) thrown at [C:\re\workspace\8-2-build-windows-amd64-cyg
Event: 2.182 Thread 0x00000000027ed800 Exception <a 'java/lang/NoSuchMethodError': java.lang.Object.lambda$identity$2(Ljava/lang/Object;)Ljava/lang/Object;> (0x000000078173c7f0) thrown at [C:\re\workspace\8-2-build-windows-amd64-cygwin\jdk8u144\9417\hotspot\src\share\vm\interpreter\linkResolve
Event: 2.509 Thread 0x000000001cac1800 Exception <a 'java/lang/IncompatibleClassChangeError': Found class java.lang.Object, but interface was expected> (0x0000000781375440) thrown at [C:\re\workspace\8-2-build-windows-amd64-cygwin\jdk8u144\9417\hotspot\src\share\vm\interpreter\linkResolver.cpp

Events (10 events):
Event: 2.524 loading class org/springframework/cloud/bootstrap/support/OriginTrackedCompositePropertySource
Event: 2.524 loading class org/springframework/cloud/bootstrap/support/OriginTrackedCompositePropertySource done
Event: 2.524 loading class org/springframework/boot/env/OriginTrackedMapPropertySource
Event: 2.524 loading class org/springframework/boot/env/OriginTrackedMapPropertySource done
Event: 2.525 loading class org/springframework/cloud/bootstrap/BootstrapApplicationListener$CloseContextOnFailureApplicationListener
Event: 2.525 loading class org/springframework/cloud/bootstrap/BootstrapApplicationListener$CloseContextOnFailureApplicationListener done
Event: 2.525 loading class org/springframework/cloud/bootstrap/BootstrapApplicationListener$BootstrapMarkerConfiguration
Event: 2.525 loading class org/springframework/cloud/bootstrap/BootstrapApplicationListener$BootstrapMarkerConfiguration done
Event: 2.525 loading class org/springframework/cloud/bootstrap/BootstrapApplicationListener$DelegatingEnvironmentDecryptApplicationInitializer
Event: 2.525 loading class org/springframework/cloud/bootstrap/BootstrapApplicationListener$DelegatingEnvironmentDecryptApplicationInitializer done


Dynamic libraries:
0x00007ff6b3a60000 - 0x00007ff6b3a97000 	C:\Program Files\Java\jdk1.8.0_144\jre\bin\java.exe
0x00007ffa48fd0000 - 0x00007ffa491c6000 	C:\WINDOWS\SYSTEM32\ntdll.dll
0x00007ffa48d10000 - 0x00007ffa48dcd000 	C:\WINDOWS\System32\KERNEL32.DLL
0x00007ffa468f0000 - 0x00007ffa46bb9000 	C:\WINDOWS\System32\KERNELBASE.dll
0x00007ffa48c00000 - 0x00007ffa48cac000 	C:\WINDOWS\System32\ADVAPI32.dll
0x00007ffa472c0000 - 0x00007ffa4735e000 	C:\WINDOWS\System32\msvcrt.dll
0x00007ffa47e40000 - 0x00007ffa47edc000 	C:\WINDOWS\System32\sechost.dll
0x00007ffa47360000 - 0x00007ffa4748b000 	C:\WINDOWS\System32\RPCRT4.dll
0x00007ffa48240000 - 0x00007ffa483e0000 	C:\WINDOWS\System32\USER32.dll
0x00007ffa47000000 - 0x00007ffa47022000 	C:\WINDOWS\System32\win32u.dll
0x00007ffa47030000 - 0x00007ffa4705a000 	C:\WINDOWS\System32\GDI32.dll
0x00007ffa46df0000 - 0x00007ffa46ef9000 	C:\WINDOWS\System32\gdi32full.dll
0x00007ffa46d50000 - 0x00007ffa46ded000 	C:\WINDOWS\System32\msvcp_win.dll
0x00007ffa46f00000 - 0x00007ffa47000000 	C:\WINDOWS\System32\ucrtbase.dll
0x00007ffa37590000 - 0x00007ffa3782b000 	C:\WINDOWS\WinSxS\amd64_microsoft.windows.common-controls_6595b64144ccf1df_6.0.19041.488_none_ca04af081b815d21\COMCTL32.dll
0x00007ffa48af0000 - 0x00007ffa48b20000 	C:\WINDOWS\System32\IMM32.DLL
0x0000000068d80000 - 0x0000000068e52000 	C:\Program Files\Java\jdk1.8.0_144\jre\bin\msvcr100.dll
0x00000000684e0000 - 0x0000000068d7d000 	C:\Program Files\Java\jdk1.8.0_144\jre\bin\server\jvm.dll
0x00007ffa48ae0000 - 0x00007ffa48ae8000 	C:\WINDOWS\System32\PSAPI.DLL
0x00007ffa35230000 - 0x00007ffa35239000 	C:\WINDOWS\SYSTEM32\WSOCK32.dll
0x00007ffa3e410000 - 0x00007ffa3e41a000 	C:\WINDOWS\SYSTEM32\VERSION.dll
0x00007ffa390c0000 - 0x00007ffa390e7000 	C:\WINDOWS\SYSTEM32\WINMM.dll
0x00007ffa483e0000 - 0x00007ffa4844b000 	C:\WINDOWS\System32\WS2_32.dll
0x00000000684d0000 - 0x00000000684df000 	C:\Program Files\Java\jdk1.8.0_144\jre\bin\verify.dll
0x00000000684a0000 - 0x00000000684c9000 	C:\Program Files\Java\jdk1.8.0_144\jre\bin\java.dll
0x0000000068480000 - 0x0000000068496000 	C:\Program Files\Java\jdk1.8.0_144\jre\bin\zip.dll
0x00007ffa47490000 - 0x00007ffa47bd2000 	C:\WINDOWS\System32\SHELL32.dll
0x00007ffa44490000 - 0x00007ffa44c25000 	C:\WINDOWS\SYSTEM32\windows.storage.dll
0x00007ffa47ee0000 - 0x00007ffa48236000 	C:\WINDOWS\System32\combase.dll
0x00007ffa46180000 - 0x00007ffa461ac000 	C:\WINDOWS\SYSTEM32\Wldp.dll
0x00007ffa48b50000 - 0x00007ffa48bfe000 	C:\WINDOWS\System32\SHCORE.dll
0x00007ffa47de0000 - 0x00007ffa47e35000 	C:\WINDOWS\System32\shlwapi.dll
0x00007ffa46640000 - 0x00007ffa46666000 	C:\WINDOWS\SYSTEM32\profapi.dll
0x00000000683c0000 - 0x00000000683cd000 	C:\Program Files\Java\jdk1.8.0_144\jre\bin\management.dll
0x00000000683d0000 - 0x00000000683ea000 	C:\Program Files\Java\jdk1.8.0_144\jre\bin\net.dll
0x00007ffa45f00000 - 0x00007ffa45f6a000 	C:\WINDOWS\system32\mswsock.dll
0x00000000683a0000 - 0x00000000683b1000 	C:\Program Files\Java\jdk1.8.0_144\jre\bin\nio.dll
0x00007ffa45b80000 - 0x00007ffa45bbb000 	C:\WINDOWS\SYSTEM32\IPHLPAPI.DLL
0x00007ffa48450000 - 0x00007ffa48458000 	C:\WINDOWS\System32\NSI.dll
0x00007ffa3e440000 - 0x00007ffa3e457000 	C:\WINDOWS\SYSTEM32\dhcpcsvc6.DLL
0x00007ffa3e420000 - 0x00007ffa3e43d000 	C:\WINDOWS\SYSTEM32\dhcpcsvc.DLL
0x00007ffa45bc0000 - 0x00007ffa45c8b000 	C:\WINDOWS\SYSTEM32\DNSAPI.dll
0x00007ffa396f0000 - 0x00007ffa396fa000 	C:\Windows\System32\rasadhlp.dll
0x00007ffa39230000 - 0x00007ffa392af000 	C:\WINDOWS\System32\fwpuclnt.dll
0x00007ffa46c70000 - 0x00007ffa46c97000 	C:\WINDOWS\System32\bcrypt.dll
0x00007ffa2e640000 - 0x00007ffa2e657000 	C:\WINDOWS\system32\napinsp.dll
0x00007ffa2e620000 - 0x00007ffa2e63b000 	C:\WINDOWS\system32\pnrpnsp.dll
0x00007ffa2e600000 - 0x00007ffa2e615000 	C:\WINDOWS\system32\wshbth.dll
0x00007ffa419c0000 - 0x00007ffa419dd000 	C:\WINDOWS\system32\NLAapi.dll
0x00007ffa2e5e0000 - 0x00007ffa2e5f2000 	C:\WINDOWS\System32\winrnr.dll

VM Arguments:
java_command: C:\Users\DELL\AppData\Local\Temp\surefire8658790363036628828\surefirebooter4845848816525351402.jar C:\Users\DELL\AppData\Local\Temp\surefire8658790363036628828 2021-01-10T22-10-50_546-jvmRun1 surefire5840845842255155218tmp surefire_01165382058490038498tmp
java_class_path (initial): C:\Users\DELL\AppData\Local\Temp\surefire8658790363036628828\surefirebooter4845848816525351402.jar
Launcher Type: SUN_STANDARD

Environment Variables:
JAVA_HOME=C:\Program Files\Java\jdk1.8.0_144
PATH=G:\Program Files (x86)\NetSarang\Xshell 6\;C:\ProgramData\Oracle\Java\javapath;C:\Program Files\HPE\NV\lib\shunra\vcat;C:\Program Files\Intel\iCLS Client\;C:\Windows\system32;C:\Windows;C:\Windows\System32\Wbem;C:\Windows\System32\WindowsPowerShell\v1.0\;C:\Program Files (x86)\NVIDIA Corporation\PhysX\Common;C:\WINDOWS\system32;C:\WINDOWS;C:\WINDOWS\System32\Wbem;C:\WINDOWS\System32\WindowsPowerShell\v1.0\;C:\WINDOWS\System32\OpenSSH\;C:\Program Files\MySQL\MySQL Server 8.0\bin;";D:\apache-maven-3.6.2\bin";C:\Program Files (x86)\Intel\Intel(R) Management Engine Components\DAL;C:\Program Files\Intel\Intel(R) Management Engine Components\DAL;D:\apache-maven-3.6.2\bin;C:\Program Files\Java\jdk1.8.0_144\bin;F:\Git\cmd;D:\Fiddler;;E:\JetBrains\IntelliJ IDEA 2019.2.4\bin;;C:\Users\DELL\AppData\Local\Microsoft\WindowsApps
USERNAME=DELL
OS=Windows_NT
PROCESSOR_IDENTIFIER=Intel64 Family 6 Model 158 Stepping 9, GenuineIntel



---------------  S Y S T E M  ---------------

OS: Windows 10.0 , 64 bit Build 19041 (10.0.19041.662)

CPU:total 4 (initial active 4) (4 cores per cpu, 1 threads per core) family 6 model 158 stepping 9, cmov, cx8, fxsr, mmx, sse, sse2, sse3, ssse3, sse4.1, sse4.2, popcnt, avx, avx2, aes, clmul, erms, 3dnowpref, lzcnt, tsc, tscinvbit, bmi1, bmi2, adx

Memory: 4k page, physical 12441752k(3614856k free), swap 12441752k(5132k free)

vm_info: Java HotSpot(TM) 64-Bit Server VM (25.144-b01) for windows-amd64 JRE (1.8.0_144-b01), built on Jul 21 2017 21:57:33 by "java_re" with MS VC++ 10.0 (VS2010)

time: Sun Jan 10 22:10:56 2021
elapsed time: 2 seconds (0d 0h 0m 2s)

