#
# There is insufficient memory for the Java Runtime Environment to continue.
# Native memory allocation (malloc) failed to allocate 1055536 bytes for Chunk::new
# Possible reasons:
#   The system is out of physical RAM or swap space
#   In 32 bit mode, the process size limit was hit
# Possible solutions:
#   Reduce memory load on the system
#   Increase physical memory or swap space
#   Check if swap backing store is full
#   Use 64 bit Java on a 64 bit OS
#   Decrease Java heap size (-Xmx/-Xms)
#   Decrease number of Java threads
#   Decrease Java thread stack sizes (-Xss)
#   Set larger code cache with -XX:ReservedCodeCacheSize=
# This output file may be truncated or incomplete.
#
#  Out of Memory Error (allocation.cpp:390), pid=15520, tid=0x000000000000467c
#
# JRE version: Java(TM) SE Runtime Environment (8.0_144-b01) (build 1.8.0_144-b01)
# Java VM: Java HotSpot(TM) 64-Bit Server VM (25.144-b01 mixed mode windows-amd64 compressed oops)
# Failed to write core dump. Minidumps are not enabled by default on client versions of Windows
#

---------------  T H R E A D  ---------------

Current thread (0x000000001b5ab000):  JavaThread "C2 CompilerThread1" daemon [_thread_in_native, id=18044, stack(0x000000001bca0000,0x000000001bda0000)]

Stack: [0x000000001bca0000,0x000000001bda0000]
[error occurred during error reporting (printing stack bounds), id 0xc0000005]

Native frames: (J=compiled Java code, j=interpreted, Vv=VM code, C=native code)


Current CompileTask:
C2:   7693 4795       4       sun.misc.URLClassPath$JarLoader$2::getInputStream (15 bytes)


---------------  P R O C E S S  ---------------

Java Threads: ( => current thread )
  0x0000000020409000 JavaThread "spring.cloud.inetutils" daemon [_thread_blocked, id=2880, stack(0x000000001e320000,0x000000001e420000)]
  0x000000001b814800 JavaThread "surefire-forkedjvm-ping-30s" daemon [_thread_blocked, id=10128, stack(0x000000001c1a0000,0x000000001c2a0000)]
  0x000000001b768000 JavaThread "surefire-forkedjvm-command-thread" daemon [_thread_in_native, id=16016, stack(0x000000001c0a0000,0x000000001c1a0000)]
  0x000000001b623800 JavaThread "Service Thread" daemon [_thread_blocked, id=16064, stack(0x000000001bea0000,0x000000001bfa0000)]
  0x000000001b5ae000 JavaThread "C1 CompilerThread2" daemon [_thread_blocked, id=17900, stack(0x000000001bda0000,0x000000001bea0000)]
=>0x000000001b5ab000 JavaThread "C2 CompilerThread1" daemon [_thread_in_native, id=18044, stack(0x000000001bca0000,0x000000001bda0000)]
  0x000000001b5a9000 JavaThread "C2 CompilerThread0" daemon [_thread_in_native, id=12144, stack(0x000000001bba0000,0x000000001bca0000)]
  0x000000001a28d800 JavaThread "Attach Listener" daemon [_thread_blocked, id=14776, stack(0x000000001baa0000,0x000000001bba0000)]
  0x000000001a23e800 JavaThread "Signal Dispatcher" daemon [_thread_blocked, id=11464, stack(0x000000001b9a0000,0x000000001baa0000)]
  0x000000001a219000 JavaThread "Finalizer" daemon [_thread_blocked, id=17304, stack(0x000000001b4a0000,0x000000001b5a0000)]
  0x00000000031f1000 JavaThread "Reference Handler" daemon [_thread_blocked, id=16628, stack(0x000000001b3a0000,0x000000001b4a0000)]
  0x0000000002ffd800 JavaThread "main" [_thread_in_native, id=17116, stack(0x0000000003000000,0x0000000003100000)]

Other Threads:
  0x000000001a1f7000 VMThread [stack: 0x000000001b2a0000,0x000000001b3a0000] [id=16044]
  0x000000001b6a9800 WatcherThread [stack: 0x000000001bfa0000,0x000000001c0a0000] [id=14096]

VM state:not at safepoint (normal execution)

VM Mutex/Monitor currently owned by a thread: None

Heap:
 PSYoungGen      total 108032K, used 80444K [0x0000000780b80000, 0x0000000788f80000, 0x00000007c0000000)
  eden space 97280K, 71% used [0x0000000780b80000,0x0000000784f8fe88,0x0000000786a80000)
  from space 10752K, 99% used [0x0000000788500000,0x0000000788f7f250,0x0000000788f80000)
  to   space 7680K, 0% used [0x0000000786a80000,0x0000000786a80000,0x0000000787200000)
 ParOldGen       total 81408K, used 17380K [0x0000000702200000, 0x0000000707180000, 0x0000000780b80000)
  object space 81408K, 21% used [0x0000000702200000,0x00000007032f9128,0x0000000707180000)
 Metaspace       used 42613K, capacity 45667K, committed 45952K, reserved 1089536K
  class space    used 5878K, capacity 6416K, committed 6528K, reserved 1048576K

Card table byte_map: [0x00000000125c0000,0x0000000012bb0000] byte_map_base: 0x000000000edaf000

Marking Bits: (ParMarkBitMap*) 0x0000000068cfd850
 Begin Bits: [0x00000000133b0000, 0x0000000016328000)
 End Bits:   [0x0000000016328000, 0x00000000192a0000)

Polling page: 0x0000000002b70000

CodeCache: size=245760Kb used=17669Kb max_used=17669Kb free=228090Kb
 bounds [0x0000000003200000, 0x0000000004360000, 0x0000000012200000]
 total_blobs=5227 nmethods=4762 adapters=376
 compilation: enabled

Compilation events (10 events):
Event: 7.621 Thread 0x000000001b5a9000 4798       4       java.lang.ClassLoader::defineClass (43 bytes)
Event: 7.687 Thread 0x000000001b5ae000 4800       3       java.lang.Enum::equals (11 bytes)
Event: 7.687 Thread 0x000000001b5ae000 nmethod 4800 0x0000000004323350 code [0x00000000043234a0, 0x0000000004323650]
Event: 7.687 Thread 0x000000001b5ae000 4801       3       org.springframework.boot.test.mock.mockito.MockReset::get (83 bytes)
Event: 7.688 Thread 0x000000001b5ae000 nmethod 4801 0x0000000004344a50 code [0x0000000004344cc0, 0x0000000004345c08]
Event: 7.688 Thread 0x000000001b5ae000 4802       3       org.mockito.Mockito::mockingDetails (8 bytes)
Event: 7.688 Thread 0x000000001b5ae000 nmethod 4802 0x0000000004324d90 code [0x0000000004324f00, 0x00000000043251d0]
Event: 7.688 Thread 0x000000001b5ae000 4803       3       org.mockito.internal.util.DefaultMockingDetails::<init> (10 bytes)
Event: 7.688 Thread 0x000000001b5ae000 nmethod 4803 0x00000000043249d0 code [0x0000000004324b20, 0x0000000004324cf0]
Event: 7.692 Thread 0x000000001b5ae000 4804       3       java.util.regex.Pattern::atom (379 bytes)

GC Heap History (10 events):
Event: 3.499 GC heap before
{Heap before GC invocations=6 (full 1):
 PSYoungGen      total 82432K, used 82109K [0x0000000780b80000, 0x0000000787980000, 0x00000007c0000000)
  eden space 75776K, 100% used [0x0000000780b80000,0x0000000785580000,0x0000000785580000)
  from space 6656K, 95% used [0x0000000787300000,0x000000078792f6a8,0x0000000787980000)
  to   space 7680K, 0% used [0x0000000786a80000,0x0000000786a80000,0x0000000787200000)
 ParOldGen       total 81408K, used 8070K [0x0000000702200000, 0x0000000707180000, 0x0000000780b80000)
  object space 81408K, 9% used [0x0000000702200000,0x00000007029e19f8,0x0000000707180000)
 Metaspace       used 29062K, capacity 30792K, committed 30848K, reserved 1075200K
  class space    used 3876K, capacity 4198K, committed 4224K, reserved 1048576K
Event: 3.507 GC heap after
Heap after GC invocations=6 (full 1):
 PSYoungGen      total 104960K, used 7659K [0x0000000780b80000, 0x0000000788f80000, 0x00000007c0000000)
  eden space 97280K, 0% used [0x0000000780b80000,0x0000000780b80000,0x0000000786a80000)
  from space 7680K, 99% used [0x0000000786a80000,0x00000007871faed8,0x0000000787200000)
  to   space 10752K, 0% used [0x0000000788500000,0x0000000788500000,0x0000000788f80000)
 ParOldGen       total 81408K, used 10785K [0x0000000702200000, 0x0000000707180000, 0x0000000780b80000)
  object space 81408K, 13% used [0x0000000702200000,0x0000000702c884d8,0x0000000707180000)
 Metaspace       used 29062K, capacity 30792K, committed 30848K, reserved 1075200K
  class space    used 3876K, capacity 4198K, committed 4224K, reserved 1048576K
}
Event: 4.121 GC heap before
{Heap before GC invocations=7 (full 1):
 PSYoungGen      total 104960K, used 75577K [0x0000000780b80000, 0x0000000788f80000, 0x00000007c0000000)
  eden space 97280K, 69% used [0x0000000780b80000,0x0000000784dd35c0,0x0000000786a80000)
  from space 7680K, 99% used [0x0000000786a80000,0x00000007871faed8,0x0000000787200000)
  to   space 10752K, 0% used [0x0000000788500000,0x0000000788500000,0x0000000788f80000)
 ParOldGen       total 81408K, used 10785K [0x0000000702200000, 0x0000000707180000, 0x0000000780b80000)
  object space 81408K, 13% used [0x0000000702200000,0x0000000702c884d8,0x0000000707180000)
 Metaspace       used 33147K, capacity 35365K, committed 35496K, reserved 1079296K
  class space    used 4454K, capacity 4864K, committed 4864K, reserved 1048576K
Event: 4.131 GC heap after
Heap after GC invocations=7 (full 1):
 PSYoungGen      total 108032K, used 10732K [0x0000000780b80000, 0x0000000788f80000, 0x00000007c0000000)
  eden space 97280K, 0% used [0x0000000780b80000,0x0000000780b80000,0x0000000786a80000)
  from space 10752K, 99% used [0x0000000788500000,0x0000000788f7b110,0x0000000788f80000)
  to   space 7680K, 0% used [0x0000000786a80000,0x0000000786a80000,0x0000000787200000)
 ParOldGen       total 81408K, used 11607K [0x0000000702200000, 0x0000000707180000, 0x0000000780b80000)
  object space 81408K, 14% used [0x0000000702200000,0x0000000702d55ea0,0x0000000707180000)
 Metaspace       used 33147K, capacity 35365K, committed 35496K, reserved 1079296K
  class space    used 4454K, capacity 4864K, committed 4864K, reserved 1048576K
}
Event: 4.131 GC heap before
{Heap before GC invocations=8 (full 2):
 PSYoungGen      total 108032K, used 10732K [0x0000000780b80000, 0x0000000788f80000, 0x00000007c0000000)
  eden space 97280K, 0% used [0x0000000780b80000,0x0000000780b80000,0x0000000786a80000)
  from space 10752K, 99% used [0x0000000788500000,0x0000000788f7b110,0x0000000788f80000)
  to   space 7680K, 0% used [0x0000000786a80000,0x0000000786a80000,0x0000000787200000)
 ParOldGen       total 81408K, used 11607K [0x0000000702200000, 0x0000000707180000, 0x0000000780b80000)
  object space 81408K, 14% used [0x0000000702200000,0x0000000702d55ea0,0x0000000707180000)
 Metaspace       used 33147K, capacity 35365K, committed 35496K, reserved 1079296K
  class space    used 4454K, capacity 4864K, committed 4864K, reserved 1048576K
Event: 4.172 GC heap after
Heap after GC invocations=8 (full 2):
 PSYoungGen      total 108032K, used 0K [0x0000000780b80000, 0x0000000788f80000, 0x00000007c0000000)
  eden space 97280K, 0% used [0x0000000780b80000,0x0000000780b80000,0x0000000786a80000)
  from space 10752K, 0% used [0x0000000788500000,0x0000000788500000,0x0000000788f80000)
  to   space 7680K, 0% used [0x0000000786a80000,0x0000000786a80000,0x0000000787200000)
 ParOldGen       total 81408K, used 16953K [0x0000000702200000, 0x0000000707180000, 0x0000000780b80000)
  object space 81408K, 20% used [0x0000000702200000,0x000000070328e6f0,0x0000000707180000)
 Metaspace       used 33147K, capacity 35365K, committed 35496K, reserved 1079296K
  class space    used 4454K, capacity 4864K, committed 4864K, reserved 1048576K
}
Event: 4.817 GC heap before
{Heap before GC invocations=9 (full 2):
 PSYoungGen      total 108032K, used 97280K [0x0000000780b80000, 0x0000000788f80000, 0x00000007c0000000)
  eden space 97280K, 100% used [0x0000000780b80000,0x0000000786a80000,0x0000000786a80000)
  from space 10752K, 0% used [0x0000000788500000,0x0000000788500000,0x0000000788f80000)
  to   space 7680K, 0% used [0x0000000786a80000,0x0000000786a80000,0x0000000787200000)
 ParOldGen       total 81408K, used 16953K [0x0000000702200000, 0x0000000707180000, 0x0000000780b80000)
  object space 81408K, 20% used [0x0000000702200000,0x000000070328e6f0,0x0000000707180000)
 Metaspace       used 36125K, capacity 38837K, committed 39040K, reserved 1083392K
  class space    used 4919K, capacity 5415K, committed 5504K, reserved 1048576K
Event: 4.824 GC heap after
Heap after GC invocations=9 (full 2):
 PSYoungGen      total 104960K, used 6805K [0x0000000780b80000, 0x0000000788f80000, 0x00000007c0000000)
  eden space 97280K, 0% used [0x0000000780b80000,0x0000000780b80000,0x0000000786a80000)
  from space 7680K, 88% used [0x0000000786a80000,0x00000007871255a8,0x0000000787200000)
  to   space 10752K, 0% used [0x0000000788500000,0x0000000788500000,0x0000000788f80000)
 ParOldGen       total 81408K, used 16961K [0x0000000702200000, 0x0000000707180000, 0x0000000780b80000)
  object space 81408K, 20% used [0x0000000702200000,0x00000007032906f0,0x0000000707180000)
 Metaspace       used 36125K, capacity 38837K, committed 39040K, reserved 1083392K
  class space    used 4919K, capacity 5415K, committed 5504K, reserved 1048576K
}
Event: 6.332 GC heap before
{Heap before GC invocations=10 (full 2):
 PSYoungGen      total 104960K, used 104085K [0x0000000780b80000, 0x0000000788f80000, 0x00000007c0000000)
  eden space 97280K, 100% used [0x0000000780b80000,0x0000000786a80000,0x0000000786a80000)
  from space 7680K, 88% used [0x0000000786a80000,0x00000007871255a8,0x0000000787200000)
  to   space 10752K, 0% used [0x0000000788500000,0x0000000788500000,0x0000000788f80000)
 ParOldGen       total 81408K, used 16961K [0x0000000702200000, 0x0000000707180000, 0x0000000780b80000)
  object space 81408K, 20% used [0x0000000702200000,0x00000007032906f0,0x0000000707180000)
 Metaspace       used 39842K, capacity 42727K, committed 42880K, reserved 1085440K
  class space    used 5419K, capacity 5930K, committed 6016K, reserved 1048576K
Event: 6.340 GC heap after
Heap after GC invocations=10 (full 2):
 PSYoungGen      total 108032K, used 10748K [0x0000000780b80000, 0x0000000788f80000, 0x00000007c0000000)
  eden space 97280K, 0% used [0x0000000780b80000,0x0000000780b80000,0x0000000786a80000)
  from space 10752K, 99% used [0x0000000788500000,0x0000000788f7f250,0x0000000788f80000)
  to   space 7680K, 0% used [0x0000000786a80000,0x0000000786a80000,0x0000000787200000)
 ParOldGen       total 81408K, used 17380K [0x0000000702200000, 0x0000000707180000, 0x0000000780b80000)
  object space 81408K, 21% used [0x0000000702200000,0x00000007032f9128,0x0000000707180000)
 Metaspace       used 39842K, capacity 42727K, committed 42880K, reserved 1085440K
  class space    used 5419K, capacity 5930K, committed 6016K, reserved 1048576K
}

Deoptimization events (10 events):
Event: 7.152 Thread 0x0000000002ffd800 Uncommon trap: reason=class_check action=maybe_recompile pc=0x00000000042d5f80 method=org.springframework.beans.factory.support.AbstractBeanFactory.isTypeMatch(Ljava/lang/String;Lorg/springframework/core/ResolvableType;Z)Z @ 53
Event: 7.157 Thread 0x0000000002ffd800 Uncommon trap: reason=class_check action=maybe_recompile pc=0x00000000042d5f80 method=org.springframework.beans.factory.support.AbstractBeanFactory.isTypeMatch(Ljava/lang/String;Lorg/springframework/core/ResolvableType;Z)Z @ 53
Event: 7.173 Thread 0x0000000002ffd800 Uncommon trap: reason=class_check action=maybe_recompile pc=0x00000000042d5f80 method=org.springframework.beans.factory.support.AbstractBeanFactory.isTypeMatch(Ljava/lang/String;Lorg/springframework/core/ResolvableType;Z)Z @ 53
Event: 7.198 Thread 0x0000000002ffd800 Uncommon trap: reason=null_check action=make_not_entrant pc=0x0000000003843edc method=java.util.AbstractCollection.toArray([Ljava/lang/Object;)[Ljava/lang/Object; @ 119
Event: 7.202 Thread 0x0000000002ffd800 Uncommon trap: reason=class_check action=maybe_recompile pc=0x00000000042d5f80 method=org.springframework.beans.factory.support.AbstractBeanFactory.isTypeMatch(Ljava/lang/String;Lorg/springframework/core/ResolvableType;Z)Z @ 53
Event: 7.215 Thread 0x0000000002ffd800 Uncommon trap: reason=unstable_if action=reinterpret pc=0x00000000042efcb0 method=java.util.LinkedHashMap.afterNodeAccess(Ljava/util/HashMap$Node;)V @ 14
Event: 7.532 Thread 0x0000000002ffd800 Uncommon trap: reason=bimorphic action=maybe_recompile pc=0x0000000003323888 method=java.util.AbstractList$Itr.next()Ljava/lang/Object; @ 14
Event: 7.533 Thread 0x0000000002ffd800 Uncommon trap: reason=bimorphic action=maybe_recompile pc=0x0000000003323888 method=java.util.AbstractList$Itr.next()Ljava/lang/Object; @ 14
Event: 7.533 Thread 0x0000000002ffd800 Uncommon trap: reason=bimorphic action=maybe_recompile pc=0x0000000003323888 method=java.util.AbstractList$Itr.next()Ljava/lang/Object; @ 14
Event: 7.533 Thread 0x0000000002ffd800 Uncommon trap: reason=bimorphic action=maybe_recompile pc=0x0000000003323888 method=java.util.AbstractList$Itr.next()Ljava/lang/Object; @ 14

Internal exceptions (10 events):
Event: 7.139 Thread 0x0000000002ffd800 Exception <a 'java/lang/ClassNotFoundException': java/lang/ObjectCustomizer> (0x0000000782fbb8e8) thrown at [C:\re\workspace\8-2-build-windows-amd64-cygwin\jdk8u144\9417\hotspot\src\share\vm\classfile\systemDictionary.cpp, line 210]
Event: 7.139 Thread 0x0000000002ffd800 Exception <a 'java/lang/ClassNotFoundException': org/springframework/boot/actuate/autoconfigure/web/server/ManagementContextAutoConfigurationCustomizer> (0x0000000782fe9438) thrown at [C:\re\workspace\8-2-build-windows-amd64-cygwin\jdk8u144\9417\hotspot\s
Event: 7.140 Thread 0x0000000002ffd800 Exception <a 'java/lang/ClassNotFoundException': java/lang/ObjectCustomizer> (0x0000000782ff8958) thrown at [C:\re\workspace\8-2-build-windows-amd64-cygwin\jdk8u144\9417\hotspot\src\share\vm\classfile\systemDictionary.cpp, line 210]
Event: 7.140 Thread 0x0000000002ffd800 Exception <a 'java/lang/ClassNotFoundException': org/springframework/boot/actuate/autoconfigure/web/server/ManagementServerPropertiesCustomizer> (0x0000000783023bf8) thrown at [C:\re\workspace\8-2-build-windows-amd64-cygwin\jdk8u144\9417\hotspot\src\share
Event: 7.164 Thread 0x0000000002ffd800 Exception <a 'java/lang/ClassNotFoundException': java/lang/ObjectCustomizer> (0x00000007831dc360) thrown at [C:\re\workspace\8-2-build-windows-amd64-cygwin\jdk8u144\9417\hotspot\src\share\vm\classfile\systemDictionary.cpp, line 210]
Event: 7.164 Thread 0x0000000002ffd800 Exception <a 'java/lang/ClassNotFoundException': org/springframework/cloud/config/server/environment/EnvironmentControllerCustomizer> (0x00000007832045c0) thrown at [C:\re\workspace\8-2-build-windows-amd64-cygwin\jdk8u144\9417\hotspot\src\share\vm\classfi
Event: 7.197 Thread 0x0000000002ffd800 Implicit null exception at 0x0000000003843db9 to 0x0000000003843ed1
Event: 7.215 Thread 0x0000000002ffd800 Exception <a 'java/lang/ClassNotFoundException': java/lang/ObjectCustomizer> (0x00000007834f34c0) thrown at [C:\re\workspace\8-2-build-windows-amd64-cygwin\jdk8u144\9417\hotspot\src\share\vm\classfile\systemDictionary.cpp, line 210]
Event: 7.215 Thread 0x0000000002ffd800 Exception <a 'java/lang/ClassNotFoundException': com/sed/clound/GlobalConfigApplicationTestsCustomizer> (0x0000000783511110) thrown at [C:\re\workspace\8-2-build-windows-amd64-cygwin\jdk8u144\9417\hotspot\src\share\vm\classfile\systemDictionary.cpp, line 
Event: 7.414 Thread 0x0000000002ffd800 Exception <a 'java/lang/ClassNotFoundException': java/lang/Module> (0x00000007839f53c0) thrown at [C:\re\workspace\8-2-build-windows-amd64-cygwin\jdk8u144\9417\hotspot\src\share\vm\classfile\systemDictionary.cpp, line 210]

Events (10 events):
Event: 7.692 loading class org/junit/jupiter/engine/extension/TimeoutConfiguration
Event: 7.692 loading class org/junit/jupiter/engine/extension/TimeoutConfiguration done
Event: 7.692 loading class org/junit/jupiter/engine/extension/TimeoutDuration
Event: 7.692 loading class org/junit/jupiter/engine/extension/TimeoutDuration done
Event: 7.692 loading class org/junit/jupiter/engine/extension/TimeoutDuration
Event: 7.692 loading class org/junit/jupiter/engine/extension/TimeoutDuration done
Event: 7.692 loading class org/junit/jupiter/engine/extension/TimeoutConfiguration
Event: 7.692 loading class org/junit/jupiter/engine/extension/TimeoutConfiguration done
Event: 7.692 loading class org/junit/jupiter/engine/extension/TimeoutConfiguration
Event: 7.692 loading class org/junit/jupiter/engine/extension/TimeoutConfiguration done


Dynamic libraries:
0x00007ff6b3a60000 - 0x00007ff6b3a97000 	C:\Program Files\Java\jdk1.8.0_144\jre\bin\java.exe
0x00007ffa48fd0000 - 0x00007ffa491c6000 	C:\WINDOWS\SYSTEM32\ntdll.dll
0x00007ffa48d10000 - 0x00007ffa48dcd000 	C:\WINDOWS\System32\KERNEL32.DLL
0x00007ffa468f0000 - 0x00007ffa46bb9000 	C:\WINDOWS\System32\KERNELBASE.dll
0x00007ffa48c00000 - 0x00007ffa48cac000 	C:\WINDOWS\System32\ADVAPI32.dll
0x00007ffa472c0000 - 0x00007ffa4735e000 	C:\WINDOWS\System32\msvcrt.dll
0x00007ffa47e40000 - 0x00007ffa47edc000 	C:\WINDOWS\System32\sechost.dll
0x00007ffa47360000 - 0x00007ffa4748b000 	C:\WINDOWS\System32\RPCRT4.dll
0x00007ffa48240000 - 0x00007ffa483e0000 	C:\WINDOWS\System32\USER32.dll
0x00007ffa47000000 - 0x00007ffa47022000 	C:\WINDOWS\System32\win32u.dll
0x00007ffa47030000 - 0x00007ffa4705a000 	C:\WINDOWS\System32\GDI32.dll
0x00007ffa46df0000 - 0x00007ffa46ef9000 	C:\WINDOWS\System32\gdi32full.dll
0x00007ffa46d50000 - 0x00007ffa46ded000 	C:\WINDOWS\System32\msvcp_win.dll
0x00007ffa46f00000 - 0x00007ffa47000000 	C:\WINDOWS\System32\ucrtbase.dll
0x00007ffa37590000 - 0x00007ffa3782b000 	C:\WINDOWS\WinSxS\amd64_microsoft.windows.common-controls_6595b64144ccf1df_6.0.19041.488_none_ca04af081b815d21\COMCTL32.dll
0x00007ffa48af0000 - 0x00007ffa48b20000 	C:\WINDOWS\System32\IMM32.DLL
0x0000000068d80000 - 0x0000000068e52000 	C:\Program Files\Java\jdk1.8.0_144\jre\bin\msvcr100.dll
0x00000000684e0000 - 0x0000000068d7d000 	C:\Program Files\Java\jdk1.8.0_144\jre\bin\server\jvm.dll
0x00007ffa48ae0000 - 0x00007ffa48ae8000 	C:\WINDOWS\System32\PSAPI.DLL
0x00007ffa390c0000 - 0x00007ffa390e7000 	C:\WINDOWS\SYSTEM32\WINMM.dll
0x00007ffa3e410000 - 0x00007ffa3e41a000 	C:\WINDOWS\SYSTEM32\VERSION.dll
0x00007ffa35230000 - 0x00007ffa35239000 	C:\WINDOWS\SYSTEM32\WSOCK32.dll
0x00007ffa483e0000 - 0x00007ffa4844b000 	C:\WINDOWS\System32\WS2_32.dll
0x00000000684d0000 - 0x00000000684df000 	C:\Program Files\Java\jdk1.8.0_144\jre\bin\verify.dll
0x00000000684a0000 - 0x00000000684c9000 	C:\Program Files\Java\jdk1.8.0_144\jre\bin\java.dll
0x0000000068480000 - 0x0000000068496000 	C:\Program Files\Java\jdk1.8.0_144\jre\bin\zip.dll
0x00007ffa47490000 - 0x00007ffa47bd2000 	C:\WINDOWS\System32\SHELL32.dll
0x00007ffa44490000 - 0x00007ffa44c25000 	C:\WINDOWS\SYSTEM32\windows.storage.dll
0x00007ffa47ee0000 - 0x00007ffa48236000 	C:\WINDOWS\System32\combase.dll
0x00007ffa46180000 - 0x00007ffa461ac000 	C:\WINDOWS\SYSTEM32\Wldp.dll
0x00007ffa48b50000 - 0x00007ffa48bfe000 	C:\WINDOWS\System32\SHCORE.dll
0x00007ffa47de0000 - 0x00007ffa47e35000 	C:\WINDOWS\System32\shlwapi.dll
0x00007ffa46640000 - 0x00007ffa46666000 	C:\WINDOWS\SYSTEM32\profapi.dll
0x00000000683c0000 - 0x00000000683cd000 	C:\Program Files\Java\jdk1.8.0_144\jre\bin\management.dll
0x00000000683d0000 - 0x00000000683ea000 	C:\Program Files\Java\jdk1.8.0_144\jre\bin\net.dll
0x00007ffa45f00000 - 0x00007ffa45f6a000 	C:\WINDOWS\system32\mswsock.dll
0x00000000683a0000 - 0x00000000683b1000 	C:\Program Files\Java\jdk1.8.0_144\jre\bin\nio.dll
0x00007ffa45b80000 - 0x00007ffa45bbb000 	C:\WINDOWS\SYSTEM32\IPHLPAPI.DLL
0x00007ffa48450000 - 0x00007ffa48458000 	C:\WINDOWS\System32\NSI.dll
0x00007ffa3e440000 - 0x00007ffa3e457000 	C:\WINDOWS\SYSTEM32\dhcpcsvc6.DLL
0x00007ffa3e420000 - 0x00007ffa3e43d000 	C:\WINDOWS\SYSTEM32\dhcpcsvc.DLL
0x00007ffa45bc0000 - 0x00007ffa45c8b000 	C:\WINDOWS\SYSTEM32\DNSAPI.dll
0x00007ffa396f0000 - 0x00007ffa396fa000 	C:\Windows\System32\rasadhlp.dll
0x00007ffa39230000 - 0x00007ffa392af000 	C:\WINDOWS\System32\fwpuclnt.dll
0x00007ffa46c70000 - 0x00007ffa46c97000 	C:\WINDOWS\System32\bcrypt.dll
0x00007ffa2e640000 - 0x00007ffa2e657000 	C:\WINDOWS\system32\napinsp.dll
0x00007ffa2e620000 - 0x00007ffa2e63b000 	C:\WINDOWS\system32\pnrpnsp.dll
0x00007ffa2e600000 - 0x00007ffa2e615000 	C:\WINDOWS\system32\wshbth.dll
0x00007ffa419c0000 - 0x00007ffa419dd000 	C:\WINDOWS\system32\NLAapi.dll
0x00007ffa2e5e0000 - 0x00007ffa2e5f2000 	C:\WINDOWS\System32\winrnr.dll
0x0000000068370000 - 0x0000000068394000 	C:\Program Files\Java\jdk1.8.0_144\jre\bin\sunec.dll
0x00007ffa460e0000 - 0x00007ffa460f8000 	C:\WINDOWS\SYSTEM32\CRYPTSP.dll
0x00007ffa457c0000 - 0x00007ffa457f4000 	C:\WINDOWS\system32\rsaenh.dll
0x00007ffa46600000 - 0x00007ffa4662e000 	C:\WINDOWS\SYSTEM32\USERENV.dll
0x00007ffa46870000 - 0x00007ffa468f0000 	C:\WINDOWS\System32\bcryptprimitives.dll
0x00007ffa460d0000 - 0x00007ffa460dc000 	C:\WINDOWS\SYSTEM32\CRYPTBASE.dll

VM Arguments:
java_command: C:\Users\DELL\AppData\Local\Temp\surefire1401376399132297207\surefirebooter1384091593354840564.jar C:\Users\DELL\AppData\Local\Temp\surefire1401376399132297207 2021-01-10T22-31-12_838-jvmRun1 surefire6418007473061532421tmp surefire_07656008884852978471tmp
java_class_path (initial): C:\Users\DELL\AppData\Local\Temp\surefire1401376399132297207\surefirebooter1384091593354840564.jar
Launcher Type: SUN_STANDARD

Environment Variables:
JAVA_HOME=C:\Program Files\Java\jdk1.8.0_144
PATH=G:\Program Files (x86)\NetSarang\Xshell 6\;C:\ProgramData\Oracle\Java\javapath;C:\Program Files\HPE\NV\lib\shunra\vcat;C:\Program Files\Intel\iCLS Client\;C:\Windows\system32;C:\Windows;C:\Windows\System32\Wbem;C:\Windows\System32\WindowsPowerShell\v1.0\;C:\Program Files (x86)\NVIDIA Corporation\PhysX\Common;C:\WINDOWS\system32;C:\WINDOWS;C:\WINDOWS\System32\Wbem;C:\WINDOWS\System32\WindowsPowerShell\v1.0\;C:\WINDOWS\System32\OpenSSH\;C:\Program Files\MySQL\MySQL Server 8.0\bin;";D:\apache-maven-3.6.2\bin";C:\Program Files (x86)\Intel\Intel(R) Management Engine Components\DAL;C:\Program Files\Intel\Intel(R) Management Engine Components\DAL;D:\apache-maven-3.6.2\bin;C:\Program Files\Java\jdk1.8.0_144\bin;F:\Git\cmd;D:\Fiddler;;E:\JetBrains\IntelliJ IDEA 2019.2.4\bin;;C:\Users\DELL\AppData\Local\Microsoft\WindowsApps
USERNAME=DELL
OS=Windows_NT
PROCESSOR_IDENTIFIER=Intel64 Family 6 Model 158 Stepping 9, GenuineIntel



---------------  S Y S T E M  ---------------

OS: Windows 10.0 , 64 bit Build 19041 (10.0.19041.662)

CPU:total 4 (initial active 4) (4 cores per cpu, 1 threads per core) family 6 model 158 stepping 9, cmov, cx8, fxsr, mmx, sse, sse2, sse3, ssse3, sse4.1, sse4.2, popcnt, avx, avx2, aes, clmul, erms, 3dnowpref, lzcnt, tsc, tscinvbit, bmi1, bmi2, adx

Memory: 4k page, physical 12441752k(3686372k free), swap 12441752k(5856k free)

vm_info: Java HotSpot(TM) 64-Bit Server VM (25.144-b01) for windows-amd64 JRE (1.8.0_144-b01), built on Jul 21 2017 21:57:33 by "java_re" with MS VC++ 10.0 (VS2010)

time: Sun Jan 10 22:31:20 2021
elapsed time: 7 seconds (0d 0h 0m 7s)

